15310 [2022-07-18 16:18:09.764] [main] [info] Identity created at 1658105608 - using ID Schema 1
15310 [2022-07-18 16:18:09.765] [main] [info] ------------- Starting Sync (muzammil@pluginhive.com) ---------------
15310 [2022-07-18 16:18:11.096] [metadata] [info] Will retry in 3 sec.
15310 [2022-07-18 16:18:12.768] [background] [info] Marking all folders as `busy`
15310 [2022-07-18 16:18:12.768] [background] [info] Syncing folder list...
15310 [2022-07-18 16:18:15.817] [background] [info] Syncing folder list...
15310 [2022-07-18 16:18:17.029] [background] [info] syncFolderUIDRange for INBOX, UIDs: 1 - 14, Heavy: true
15310 [2022-07-18 16:18:17.852] [background] [info] - INBOX: remote=13, local=0, remoteUID=in18kZJVyHUpzu3o4JwoYxQ2MiCBuheT6kJMhXdYZ
15310 [2022-07-18 16:18:17.877] [background] [info] syncFolderChangesViaCondstore - INBOX: modseq 30 to 30, uidnext 14 to 14
15310 [2022-07-18 16:18:18.263] [foreground] [info] Idling on folder INBOX
15310 [2022-07-18 16:18:24.767] [metadataExpiration] [info] Scanning for expired metadata
15310 [2022-07-18 16:18:24.767] [metadataExpiration] [info] -- Will wake for next expiration in 7200sec
15310 [2022-07-18 16:18:29.264] [foreground] [info] Idle exited with code 0
15310 [2022-07-18 16:18:29.265] [foreground] [info] Fetching body for message ID fynNpiDD6xKjZGQ62efntdc3cBG1Gp7MAt1eG3jix
15310 [2022-07-18 16:18:29.490] [main] [info] [local-006d4f3d-4c7e] Running ChangeUnreadTask performLocal:
15310 [2022-07-18 16:18:29.493] [main] [info] [local-006d4f3d-4c7e] -- Succeeded. Changing status to `remote`
15310 [2022-07-18 16:18:29.519] [foreground] [info] [local-006d4f3d-4c7e] Running ChangeUnreadTask performRemote:
15310 [2022-07-18 16:18:29.775] [foreground] [info] [local-006d4f3d-4c7e] -- Succeeded. Changing status to `complete`
15310 [2022-07-18 16:18:29.776] [foreground] [info] Idling on folder INBOX
15310 [2022-07-18 16:18:30.559] [foreground] [info] Idle exited with code 0
15310 [2022-07-18 16:18:30.560] [foreground] [info] Idling on folder INBOX
15310 [2022-07-18 16:18:37.323] [background] [info] Cleaning local cache and updating stats
15310 [2022-07-18 16:18:37.323] [background] [info] -- 0 message bodies deleted from local cache.
15310 [2022-07-18 16:18:37.726] [background] [info] syncFolderChangesViaCondstore - INBOX.Sent: modseq 1 to 1, uidnext 1 to 1
15310 [2022-07-18 16:18:37.727] [background] [info] Cleaning local cache and updating stats
15310 [2022-07-18 16:18:37.727] [background] [info] -- 0 message bodies deleted from local cache.
15310 [2022-07-18 16:18:38.136] [background] [info] syncFolderChangesViaCondstore - INBOX.Drafts: modseq 1 to 1, uidnext 1 to 1
15310 [2022-07-18 16:18:38.137] [background] [info] Cleaning local cache and updating stats
15310 [2022-07-18 16:18:38.137] [background] [info] -- 0 message bodies deleted from local cache.
15310 [2022-07-18 16:18:38.546] [background] [info] syncFolderChangesViaCondstore - INBOX.Trash: modseq 1 to 1, uidnext 1 to 1
15310 [2022-07-18 16:18:38.546] [background] [info] Cleaning local cache and updating stats
15310 [2022-07-18 16:18:38.546] [background] [info] -- 0 message bodies deleted from local cache.
15310 [2022-07-18 16:18:38.956] [background] [info] syncFolderChangesViaCondstore - INBOX.spam: modseq 1 to 1, uidnext 1 to 1
15310 [2022-07-18 16:18:38.956] [background] [info] Cleaning local cache and updating stats
15310 [2022-07-18 16:18:38.956] [background] [info] -- 0 message bodies deleted from local cache.
15310 [2022-07-18 16:18:39.365] [background] [info] syncFolderChangesViaCondstore - INBOX.Mailspring: modseq 1 to 1, uidnext 1 to 1
15310 [2022-07-18 16:18:39.366] [background] [info] Cleaning local cache and updating stats
15310 [2022-07-18 16:18:39.366] [background] [info] -- 0 message bodies deleted from local cache.
15310 [2022-07-18 16:18:39.776] [background] [info] syncFolderChangesViaCondstore - INBOX.Mailspring.Snoozed: modseq 1 to 1, uidnext 1 to 1
15310 [2022-07-18 16:18:39.776] [background] [info] Cleaning local cache and updating stats
15310 [2022-07-18 16:18:39.776] [background] [info] -- 0 message bodies deleted from local cache.
15310 [2022-07-18 16:18:39.777] [background] [info] Sync loop deleting unlinked messages with phase 2.
15310 [2022-07-18 16:18:39.777] [background] [info] Sync loop complete.
15310 [2022-07-18 16:18:39.778] [background] [info] Syncing folder list...
15310 [2022-07-18 16:18:40.804] [background] [info] syncFolderChangesViaCondstore - INBOX: modseq 30 to 31, uidnext 14 to 14
15310 [2022-07-18 16:18:41.210] [background] [info] syncFolderChangesViaCondstore - Changes since HMODSEQ 30: 1 changed, 0 vanished
15310 [2022-07-18 16:18:41.211] [background] [info] - Updating message fynNpiDD6xKjZGQ62efntdc3cBG1Gp7MAt1eG3jix
15310 [2022-07-18 16:18:41.211] [background] [info] -- Unread (true to false)
15310 [2022-07-18 16:18:41.620] [background] [info] syncFolderChangesViaCondstore - INBOX.Sent: modseq 1 to 1, uidnext 1 to 1
15310 [2022-07-18 16:18:42.030] [background] [info] syncFolderChangesViaCondstore - INBOX.Drafts: modseq 1 to 1, uidnext 1 to 1
15310 [2022-07-18 16:18:42.443] [background] [info] syncFolderChangesViaCondstore - INBOX.Trash: modseq 1 to 1, uidnext 1 to 1
15310 [2022-07-18 16:18:42.849] [background] [info] syncFolderChangesViaCondstore - INBOX.spam: modseq 1 to 1, uidnext 1 to 1
15310 [2022-07-18 16:18:43.108] [background] [info] syncFolderChangesViaCondstore - INBOX.Mailspring: modseq 1 to 1, uidnext 1 to 1
15310 [2022-07-18 16:18:43.364] [background] [info] syncFolderChangesViaCondstore - INBOX.Mailspring.Snoozed: modseq 1 to 1, uidnext 1 to 1
15310 [2022-07-18 16:18:43.365] [background] [info] Sync loop deleting unlinked messages with phase 1.
15310 [2022-07-18 16:18:43.365] [background] [info] Sync loop complete.
15310 [2022-07-18 16:18:47.192] [foreground] [info] Idle exited with code 0
15310 [2022-07-18 16:18:47.562] [foreground] [info] syncFolderChangesViaCondstore - INBOX: modseq 31 to 31, uidnext 14 to 14
15310 [2022-07-18 16:18:47.563] [foreground] [info] Idling on folder INBOX
15310 [2022-07-18 16:19:16.000] [metadata] [info] Will retry in 3 sec.
15310 [2022-07-18 16:19:22.018] [metadata] [info] Metadata delta stream starting...
15310 [2022-07-18 16:20:40.110] [metadata] [info] Metadata delta stream closed.
15310 [2022-07-18 16:20:40.118] [metadata] [info] Will retry in 5 sec.
15310 [2022-07-18 16:20:43.365] [background] [info] Syncing folder list...
15310 [2022-07-18 16:20:44.226] [background] [info] syncFolderChangesViaCondstore - INBOX: modseq 31 to 31, uidnext 14 to 14
15310 [2022-07-18 16:20:44.615] [background] [info] syncFolderChangesViaCondstore - INBOX.Sent: modseq 1 to 1, uidnext 1 to 1
15310 [2022-07-18 16:20:44.878] [background] [info] syncFolderChangesViaCondstore - INBOX.Drafts: modseq 1 to 1, uidnext 1 to 1
15310 [2022-07-18 16:20:45.119] [metadata] [info] Metadata delta stream starting...
15310 [2022-07-18 16:20:45.141] [background] [info] syncFolderChangesViaCondstore - INBOX.Trash: modseq 1 to 1, uidnext 1 to 1
15310 [2022-07-18 16:20:45.437] [background] [info] syncFolderChangesViaCondstore - INBOX.spam: modseq 1 to 1, uidnext 1 to 1
15310 [2022-07-18 16:20:45.699] [background] [info] syncFolderChangesViaCondstore - INBOX.Mailspring: modseq 1 to 1, uidnext 1 to 1
15310 [2022-07-18 16:20:46.049] [background] [info] syncFolderChangesViaCondstore - INBOX.Mailspring.Snoozed: modseq 1 to 1, uidnext 1 to 1
15310 [2022-07-18 16:20:46.049] [background] [info] Sync loop deleting unlinked messages with phase 2.
15310 [2022-07-18 16:20:46.049] [background] [info] Sync loop complete.
15310 [2022-07-18 16:20:47.489] [foreground] [info] Idle exited with code 0
15310 [2022-07-18 16:20:47.894] [foreground] [info] syncFolderChangesViaCondstore - INBOX: modseq 31 to 31, uidnext 14 to 14
15310 [2022-07-18 16:20:47.896] [foreground] [info] Idling on folder INBOX
15310 [2022-07-18 16:20:58.036] [metadata] [info] Metadata delta stream closed.
15310 [2022-07-18 16:20:58.050] [metadata] [info] Will retry in 10 sec.
15310 [2022-07-18 16:21:08.051] [metadata] [info] Metadata delta stream starting...
15310 [2022-07-18 16:22:46.050] [background] [info] Syncing folder list...
15310 [2022-07-18 16:22:47.107] [background] [info] syncFolderChangesViaCondstore - INBOX: modseq 31 to 31, uidnext 14 to 14
15310 [2022-07-18 16:22:47.516] [foreground] [info] Idle exited with code 0
15310 [2022-07-18 16:22:47.516] [background] [info] syncFolderChangesViaCondstore - INBOX.Sent: modseq 1 to 1, uidnext 1 to 1
15310 [2022-07-18 16:22:47.846] [foreground] [info] syncFolderChangesViaCondstore - INBOX: modseq 31 to 31, uidnext 14 to 14
15310 [2022-07-18 16:22:47.846] [background] [info] syncFolderChangesViaCondstore - INBOX.Drafts: modseq 1 to 1, uidnext 1 to 1
15310 [2022-07-18 16:22:47.847] [foreground] [info] Idling on folder INBOX
15310 [2022-07-18 16:22:48.102] [background] [info] syncFolderChangesViaCondstore - INBOX.Trash: modseq 1 to 1, uidnext 1 to 1
15310 [2022-07-18 16:22:48.358] [background] [info] syncFolderChangesViaCondstore - INBOX.spam: modseq 1 to 1, uidnext 1 to 1
15310 [2022-07-18 16:22:48.616] [background] [info] syncFolderChangesViaCondstore - INBOX.Mailspring: modseq 1 to 1, uidnext 1 to 1
15310 [2022-07-18 16:22:48.871] [background] [info] syncFolderChangesViaCondstore - INBOX.Mailspring.Snoozed: modseq 1 to 1, uidnext 1 to 1
15310 [2022-07-18 16:22:48.872] [background] [info] Sync loop deleting unlinked messages with phase 1.
15310 [2022-07-18 16:22:48.872] [background] [info] Sync loop complete.
15310 [2022-07-18 16:23:04.098] [metadata] [info] Metadata delta stream closed.
15310 [2022-07-18 16:23:04.106] [metadata] [info] Will retry in 20 sec.
15310 [2022-07-18 16:23:24.106] [metadata] [info] Metadata delta stream starting...
15310 [2022-07-18 16:23:26.924] [metadata] [info] Metadata delta stream closed.
15310 [2022-07-18 16:23:26.929] [metadata] [info] Will retry in 30 sec.
15310 [2022-07-18 16:23:56.930] [metadata] [info] Metadata delta stream starting...
15310 [2022-07-18 16:24:46.971] [foreground] [info] Idle exited with code 0
15310 [2022-07-18 16:24:47.382] [foreground] [info] syncFolderChangesViaCondstore - INBOX: modseq 31 to 31, uidnext 14 to 14
15310 [2022-07-18 16:24:47.383] [foreground] [info] Idling on folder INBOX
15310 [2022-07-18 16:24:48.872] [background] [info] Syncing folder list...
15310 [2022-07-18 16:24:50.045] [background] [info] syncFolderChangesViaCondstore - INBOX: modseq 31 to 31, uidnext 14 to 14
15310 [2022-07-18 16:24:50.455] [background] [info] syncFolderChangesViaCondstore - INBOX.Sent: modseq 1 to 1, uidnext 1 to 1
15310 [2022-07-18 16:24:50.865] [background] [info] syncFolderChangesViaCondstore - INBOX.Drafts: modseq 1 to 1, uidnext 1 to 1
15310 [2022-07-18 16:24:51.276] [background] [info] syncFolderChangesViaCondstore - INBOX.Trash: modseq 1 to 1, uidnext 1 to 1
15310 [2022-07-18 16:24:51.687] [background] [info] syncFolderChangesViaCondstore - INBOX.spam: modseq 1 to 1, uidnext 1 to 1
15310 [2022-07-18 16:24:52.096] [background] [info] syncFolderChangesViaCondstore - INBOX.Mailspring: modseq 1 to 1, uidnext 1 to 1
15310 [2022-07-18 16:24:52.506] [background] [info] syncFolderChangesViaCondstore - INBOX.Mailspring.Snoozed: modseq 1 to 1, uidnext 1 to 1
15310 [2022-07-18 16:24:52.507] [background] [info] Sync loop deleting unlinked messages with phase 2.
15310 [2022-07-18 16:24:52.507] [background] [info] Sync loop complete.
15310 [2022-07-18 16:25:26.750] [foreground] [info] Idle exited with code 0
15310 [2022-07-18 16:25:27.153] [foreground] [info] syncFolderChangesViaCondstore - INBOX: modseq 31 to 32, uidnext 14 to 15
15310 [2022-07-18 16:25:27.564] [foreground] [info] syncFolderChangesViaCondstore - Changes since HMODSEQ 31: 1 changed, 0 vanished
15310 [2022-07-18 16:25:28.617] [foreground] [info] Idling on folder INBOX
15310 [2022-07-18 16:25:51.735] [metadata] [info] Metadata delta stream closed.
15310 [2022-07-18 16:25:51.776] [metadata] [info] Will retry in 60 sec.
15310 [2022-07-18 16:26:22.377] [main] [info] [local-1ceb828c-33a9] Running ChangeUnreadTask performLocal:
15310 [2022-07-18 16:26:22.383] [main] [info] [local-1ceb828c-33a9] -- Succeeded. Changing status to `remote`
15310 [2022-07-18 16:26:22.942] [foreground] [info] Idle exited with code 0
15310 [2022-07-18 16:26:22.943] [foreground] [info] [local-1ceb828c-33a9] Running ChangeUnreadTask performRemote:
15310 [2022-07-18 16:26:23.204] [foreground] [info] [local-1ceb828c-33a9] -- Succeeded. Changing status to `complete`
15310 [2022-07-18 16:26:23.456] [foreground] [info] syncFolderChangesViaCondstore - INBOX: modseq 32 to 33, uidnext 15 to 15
15310 [2022-07-18 16:26:23.744] [foreground] [info] syncFolderChangesViaCondstore - Changes since HMODSEQ 32: 1 changed, 0 vanished
15310 [2022-07-18 16:26:23.745] [foreground] [info] Idling on folder INBOX
22011 [2022-07-18 16:36:17.562] [main] [info] Identity created at 1658105608 - using ID Schema 1
22011 [2022-07-18 16:36:17.563] [main] [info] ------------- Starting Sync (muzammil@pluginhive.com) ---------------
22011 [2022-07-18 16:36:17.567] [metadata] [info] Metadata delta stream starting...
22011 [2022-07-18 16:36:20.566] [background] [info] Marking all folders as `busy`
22011 [2022-07-18 16:36:20.578] [background] [info] Syncing folder list...
22011 [2022-07-18 16:36:23.614] [background] [info] Syncing folder list...
22011 [2022-07-18 16:36:24.843] [background] [info] syncFolderChangesViaCondstore - INBOX: modseq 33 to 33, uidnext 15 to 15
22011 [2022-07-18 16:36:25.252] [background] [info] syncFolderChangesViaCondstore - INBOX.Sent: modseq 1 to 1, uidnext 1 to 1
22011 [2022-07-18 16:36:25.662] [background] [info] syncFolderChangesViaCondstore - INBOX.Drafts: modseq 1 to 1, uidnext 1 to 1
22011 [2022-07-18 16:36:26.072] [background] [info] syncFolderChangesViaCondstore - INBOX.Trash: modseq 1 to 1, uidnext 1 to 1
22011 [2022-07-18 16:36:26.482] [background] [info] syncFolderChangesViaCondstore - INBOX.spam: modseq 1 to 1, uidnext 1 to 1
22011 [2022-07-18 16:36:26.482] [foreground] [info] syncFolderChangesViaCondstore - INBOX: modseq 33 to 33, uidnext 15 to 15
22011 [2022-07-18 16:36:26.491] [foreground] [info] Idling on folder INBOX
22011 [2022-07-18 16:36:26.891] [background] [info] syncFolderChangesViaCondstore - INBOX.Mailspring: modseq 1 to 1, uidnext 1 to 1
22011 [2022-07-18 16:36:27.301] [background] [info] syncFolderChangesViaCondstore - INBOX.Mailspring.Snoozed: modseq 1 to 1, uidnext 1 to 1
22011 [2022-07-18 16:36:27.302] [background] [info] Sync loop deleting unlinked messages with phase 2.
22011 [2022-07-18 16:36:27.302] [background] [info] Sync loop complete.
22011 [2022-07-18 16:36:32.564] [metadataExpiration] [info] Scanning for expired metadata
22011 [2022-07-18 16:36:32.571] [metadataExpiration] [info] -- Will wake for next expiration in 7200sec
22011 [2022-07-18 16:36:47.373] [foreground] [info] Idle exited with code 0
22011 [2022-07-18 16:36:47.783] [foreground] [info] syncFolderChangesViaCondstore - INBOX: modseq 33 to 33, uidnext 15 to 15
22011 [2022-07-18 16:36:47.784] [foreground] [info] Idling on folder INBOX
22011 [2022-07-18 16:37:37.144] [metadata] [info] Metadata delta stream closed.
22011 [2022-07-18 16:37:37.182] [metadata] [info] Will retry in 3 sec.
22011 [2022-07-18 16:37:40.182] [metadata] [info] Metadata delta stream starting...
22011 [2022-07-18 16:38:27.302] [background] [info] Syncing folder list...
22011 [2022-07-18 16:38:28.556] [background] [info] syncFolderChangesViaCondstore - INBOX: modseq 33 to 33, uidnext 15 to 15
22011 [2022-07-18 16:38:28.965] [background] [info] syncFolderChangesViaCondstore - INBOX.Sent: modseq 1 to 1, uidnext 1 to 1
22011 [2022-07-18 16:38:29.375] [background] [info] syncFolderChangesViaCondstore - INBOX.Drafts: modseq 1 to 1, uidnext 1 to 1
22011 [2022-07-18 16:38:29.784] [background] [info] syncFolderChangesViaCondstore - INBOX.Trash: modseq 1 to 1, uidnext 1 to 1
22011 [2022-07-18 16:38:30.194] [background] [info] syncFolderChangesViaCondstore - INBOX.spam: modseq 1 to 1, uidnext 1 to 1
22011 [2022-07-18 16:38:30.281] [metadata] [info] Metadata delta stream closed.
22011 [2022-07-18 16:38:30.315] [metadata] [info] Will retry in 3 sec.
22011 [2022-07-18 16:38:30.603] [background] [info] syncFolderChangesViaCondstore - INBOX.Mailspring: modseq 1 to 1, uidnext 1 to 1
22011 [2022-07-18 16:38:30.839] [background] [info] syncFolderChangesViaCondstore - INBOX.Mailspring.Snoozed: modseq 1 to 1, uidnext 1 to 1
22011 [2022-07-18 16:38:30.839] [background] [info] Sync loop deleting unlinked messages with phase 1.
22011 [2022-07-18 16:38:30.840] [background] [info] Sync loop complete.
22011 [2022-07-18 16:38:33.316] [metadata] [info] Metadata delta stream starting...
22011 [2022-07-18 16:38:34.698] [metadata] [info] Metadata delta stream closed.
22011 [2022-07-18 16:38:34.735] [metadata] [info] Will retry in 5 sec.
22011 [2022-07-18 16:38:39.736] [metadata] [info] Metadata delta stream starting...
22011 [2022-07-18 16:38:47.613] [foreground] [info] Idle exited with code 0
22011 [2022-07-18 16:38:48.011] [foreground] [info] syncFolderChangesViaCondstore - INBOX: modseq 33 to 33, uidnext 15 to 15
22011 [2022-07-18 16:38:48.012] [foreground] [info] Idling on folder INBOX
22011 [2022-07-18 16:39:11.753] [metadata] [info] Metadata delta stream timed out.
22011 [2022-07-18 16:39:11.780] [metadata] [info] Will retry in 10 sec.
22011 [2022-07-18 16:39:21.781] [metadata] [info] Metadata delta stream starting...
22011 [2022-07-18 16:40:30.840] [background] [info] Syncing folder list...
22011 [2022-07-18 16:40:31.996] [background] [info] syncFolderChangesViaCondstore - INBOX: modseq 33 to 33, uidnext 15 to 15
22011 [2022-07-18 16:40:32.399] [background] [info] syncFolderChangesViaCondstore - INBOX.Sent: modseq 1 to 1, uidnext 1 to 1
22011 [2022-07-18 16:40:32.810] [background] [info] syncFolderChangesViaCondstore - INBOX.Drafts: modseq 1 to 1, uidnext 1 to 1
22011 [2022-07-18 16:40:33.220] [background] [info] syncFolderChangesViaCondstore - INBOX.Trash: modseq 1 to 1, uidnext 1 to 1
22011 [2022-07-18 16:40:33.591] [background] [info] syncFolderChangesViaCondstore - INBOX.spam: modseq 1 to 1, uidnext 1 to 1
22011 [2022-07-18 16:40:33.835] [background] [info] syncFolderChangesViaCondstore - INBOX.Mailspring: modseq 1 to 1, uidnext 1 to 1
22011 [2022-07-18 16:40:34.072] [background] [info] syncFolderChangesViaCondstore - INBOX.Mailspring.Snoozed: modseq 1 to 1, uidnext 1 to 1
22011 [2022-07-18 16:40:34.073] [background] [info] Sync loop deleting unlinked messages with phase 2.
22011 [2022-07-18 16:40:34.073] [background] [info] Sync loop complete.
22011 [2022-07-18 16:40:46.728] [foreground] [info] Idle exited with code 0
22011 [2022-07-18 16:40:47.139] [foreground] [info] syncFolderChangesViaCondstore - INBOX: modseq 33 to 33, uidnext 15 to 15
22011 [2022-07-18 16:40:47.140] [foreground] [info] Idling on folder INBOX
22011 [2022-07-18 16:41:10.063] [metadata] [info] Metadata delta stream closed.
22011 [2022-07-18 16:41:10.105] [metadata] [info] Will retry in 20 sec.
22011 [2022-07-18 16:41:30.105] [metadata] [info] Metadata delta stream starting...
22011 [2022-07-18 16:41:31.559] [metadata] [info] Metadata delta stream closed.
22011 [2022-07-18 16:41:31.591] [metadata] [info] Will retry in 30 sec.
22011 [2022-07-18 16:42:01.592] [metadata] [info] Metadata delta stream starting...
22011 [2022-07-18 16:42:34.073] [background] [info] Syncing folder list...
22011 [2022-07-18 16:42:35.239] [background] [info] syncFolderChangesViaCondstore - INBOX: modseq 33 to 33, uidnext 15 to 15
22011 [2022-07-18 16:42:35.642] [background] [info] syncFolderChangesViaCondstore - INBOX.Sent: modseq 1 to 1, uidnext 1 to 1
22011 [2022-07-18 16:42:36.058] [background] [info] syncFolderChangesViaCondstore - INBOX.Drafts: modseq 1 to 1, uidnext 1 to 1
22011 [2022-07-18 16:42:36.463] [background] [info] syncFolderChangesViaCondstore - INBOX.Trash: modseq 1 to 1, uidnext 1 to 1
22011 [2022-07-18 16:42:36.819] [background] [info] syncFolderChangesViaCondstore - INBOX.spam: modseq 1 to 1, uidnext 1 to 1
22011 [2022-07-18 16:42:37.077] [background] [info] syncFolderChangesViaCondstore - INBOX.Mailspring: modseq 1 to 1, uidnext 1 to 1
22011 [2022-07-18 16:42:37.488] [background] [info] syncFolderChangesViaCondstore - INBOX.Mailspring.Snoozed: modseq 1 to 1, uidnext 1 to 1
22011 [2022-07-18 16:42:37.488] [background] [info] Sync loop deleting unlinked messages with phase 1.
22011 [2022-07-18 16:42:37.488] [background] [info] Sync loop complete.
22011 [2022-07-18 16:42:47.118] [foreground] [info] Idle exited with code 0
22011 [2022-07-18 16:42:47.528] [foreground] [info] syncFolderChangesViaCondstore - INBOX: modseq 33 to 33, uidnext 15 to 15
22011 [2022-07-18 16:42:47.530] [foreground] [info] Idling on folder INBOX
22011 [2022-07-18 16:43:36.253] [metadata] [info] Metadata delta stream closed.
22011 [2022-07-18 16:43:36.279] [metadata] [info] Will retry in 60 sec.
22011 [2022-07-18 16:44:36.279] [metadata] [info] Metadata delta stream starting...
22011 [2022-07-18 16:44:37.489] [background] [info] Syncing folder list...
22011 [2022-07-18 16:44:38.505] [background] [info] syncFolderChangesViaCondstore - INBOX: modseq 33 to 33, uidnext 15 to 15
22011 [2022-07-18 16:44:38.918] [background] [info] syncFolderChangesViaCondstore - INBOX.Sent: modseq 1 to 1, uidnext 1 to 1
22011 [2022-07-18 16:44:39.324] [background] [info] syncFolderChangesViaCondstore - INBOX.Drafts: modseq 1 to 1, uidnext 1 to 1
22011 [2022-07-18 16:44:39.734] [background] [info] syncFolderChangesViaCondstore - INBOX.Trash: modseq 1 to 1, uidnext 1 to 1
22011 [2022-07-18 16:44:39.967] [background] [info] syncFolderChangesViaCondstore - INBOX.spam: modseq 1 to 1, uidnext 1 to 1
22011 [2022-07-18 16:44:40.345] [background] [info] syncFolderChangesViaCondstore - INBOX.Mailspring: modseq 1 to 1, uidnext 1 to 1
22011 [2022-07-18 16:44:40.755] [background] [info] syncFolderChangesViaCondstore - INBOX.Mailspring.Snoozed: modseq 1 to 1, uidnext 1 to 1
22011 [2022-07-18 16:44:40.756] [background] [info] Sync loop deleting unlinked messages with phase 2.
22011 [2022-07-18 16:44:40.756] [background] [info] Sync loop complete.
22011 [2022-07-18 16:44:47.519] [foreground] [info] Idle exited with code 0
22011 [2022-07-18 16:44:47.897] [foreground] [info] syncFolderChangesViaCondstore - INBOX: modseq 33 to 33, uidnext 15 to 15
22011 [2022-07-18 16:44:47.898] [foreground] [info] Idling on folder INBOX
22011 [2022-07-18 16:46:15.981] [metadata] [info] Metadata delta stream closed.
22011 [2022-07-18 16:46:16.016] [metadata] [info] Will retry in 120 sec.
22011 [2022-07-18 16:46:40.756] [background] [info] Syncing folder list...
22011 [2022-07-18 16:46:41.989] [background] [info] syncFolderChangesViaCondstore - INBOX: modseq 33 to 33, uidnext 15 to 15
22011 [2022-07-18 16:46:42.399] [background] [info] syncFolderChangesViaCondstore - INBOX.Sent: modseq 1 to 1, uidnext 1 to 1
22011 [2022-07-18 16:46:42.808] [background] [info] syncFolderChangesViaCondstore - INBOX.Drafts: modseq 1 to 1, uidnext 1 to 1
22011 [2022-07-18 16:46:43.173] [background] [info] syncFolderChangesViaCondstore - INBOX.Trash: modseq 1 to 1, uidnext 1 to 1
22011 [2022-07-18 16:46:43.422] [background] [info] syncFolderChangesViaCondstore - INBOX.spam: modseq 1 to 1, uidnext 1 to 1
22011 [2022-07-18 16:46:43.830] [background] [info] syncFolderChangesViaCondstore - INBOX.Mailspring: modseq 1 to 1, uidnext 1 to 1
22011 [2022-07-18 16:46:44.245] [background] [info] syncFolderChangesViaCondstore - INBOX.Mailspring.Snoozed: modseq 1 to 1, uidnext 1 to 1
22011 [2022-07-18 16:46:44.246] [background] [info] Sync loop deleting unlinked messages with phase 1.
22011 [2022-07-18 16:46:44.246] [background] [info] Sync loop complete.
22011 [2022-07-18 16:46:46.706] [foreground] [info] Idle exited with code 0
22011 [2022-07-18 16:46:47.118] [foreground] [info] syncFolderChangesViaCondstore - INBOX: modseq 33 to 33, uidnext 15 to 15
22011 [2022-07-18 16:46:47.119] [foreground] [info] Idling on folder INBOX
22011 [2022-07-18 16:48:16.016] [metadata] [info] Metadata delta stream starting...
22011 [2022-07-18 16:48:34.018] [metadata] [info] Metadata delta stream closed.
22011 [2022-07-18 16:48:34.043] [metadata] [info] Will retry in 300 sec.
22011 [2022-07-18 16:48:44.246] [background] [info] Syncing folder list...
22011 [2022-07-18 16:48:45.487] [background] [info] syncFolderChangesViaCondstore - INBOX: modseq 33 to 33, uidnext 15 to 15
22011 [2022-07-18 16:48:45.895] [background] [info] syncFolderChangesViaCondstore - INBOX.Sent: modseq 1 to 1, uidnext 1 to 1
22011 [2022-07-18 16:48:46.308] [background] [info] syncFolderChangesViaCondstore - INBOX.Drafts: modseq 1 to 1, uidnext 1 to 1
22011 [2022-07-18 16:48:46.543] [background] [info] syncFolderChangesViaCondstore - INBOX.Trash: modseq 1 to 1, uidnext 1 to 1
22011 [2022-07-18 16:48:46.921] [foreground] [info] Idle exited with code 0
22011 [2022-07-18 16:48:46.921] [background] [info] syncFolderChangesViaCondstore - INBOX.spam: modseq 1 to 1, uidnext 1 to 1
22011 [2022-07-18 16:48:47.332] [background] [info] syncFolderChangesViaCondstore - INBOX.Mailspring: modseq 1 to 1, uidnext 1 to 1
22011 [2022-07-18 16:48:47.332] [foreground] [info] syncFolderChangesViaCondstore - INBOX: modseq 33 to 33, uidnext 15 to 15
22011 [2022-07-18 16:48:47.333] [foreground] [info] Idling on folder INBOX
22011 [2022-07-18 16:48:47.741] [background] [info] syncFolderChangesViaCondstore - INBOX.Mailspring.Snoozed: modseq 1 to 1, uidnext 1 to 1
22011 [2022-07-18 16:48:47.741] [background] [info] Sync loop deleting unlinked messages with phase 2.
22011 [2022-07-18 16:48:47.741] [background] [info] Sync loop complete.
22011 [2022-07-18 16:50:47.151] [foreground] [info] Idle exited with code 0
22011 [2022-07-18 16:50:47.560] [foreground] [info] syncFolderChangesViaCondstore - INBOX: modseq 33 to 33, uidnext 15 to 15
22011 [2022-07-18 16:50:47.562] [foreground] [info] Idling on folder INBOX
22011 [2022-07-18 16:50:47.742] [background] [info] Syncing folder list...
22011 [2022-07-18 16:50:48.793] [background] [info] syncFolderChangesViaCondstore - INBOX: modseq 33 to 33, uidnext 15 to 15
22011 [2022-07-18 16:50:49.196] [background] [info] syncFolderChangesViaCondstore - INBOX.Sent: modseq 1 to 1, uidnext 1 to 1
22011 [2022-07-18 16:50:49.603] [background] [info] syncFolderChangesViaCondstore - INBOX.Drafts: modseq 1 to 1, uidnext 1 to 1
22011 [2022-07-18 16:50:50.019] [background] [info] syncFolderChangesViaCondstore - INBOX.Trash: modseq 1 to 1, uidnext 1 to 1
22011 [2022-07-18 16:50:50.431] [background] [info] syncFolderChangesViaCondstore - INBOX.spam: modseq 1 to 1, uidnext 1 to 1
22011 [2022-07-18 16:50:50.838] [background] [info] syncFolderChangesViaCondstore - INBOX.Mailspring: modseq 1 to 1, uidnext 1 to 1
22011 [2022-07-18 16:50:51.152] [background] [info] syncFolderChangesViaCondstore - INBOX.Mailspring.Snoozed: modseq 1 to 1, uidnext 1 to 1
22011 [2022-07-18 16:50:51.152] [background] [info] Sync loop deleting unlinked messages with phase 1.
22011 [2022-07-18 16:50:51.152] [background] [info] Sync loop complete.
8712 [2022-07-18 23:22:09.679] [main] [info] Identity created at 1658105608 - using ID Schema 1
8712 [2022-07-18 23:22:09.683] [main] [info] ------------- Starting Sync (muzammil@pluginhive.com) ---------------
8712 [2022-07-18 23:22:09.687] [metadata] [info] Metadata delta stream starting...
8712 [2022-07-18 23:22:10.665] [metadata] [info] Metadata delta stream closed.
8712 [2022-07-18 23:22:10.720] [metadata] [info] Will retry in 3 sec.
8712 [2022-07-18 23:22:12.686] [background] [info] Marking all folders as `busy`
8712 [2022-07-18 23:22:12.691] [background] [info] Syncing folder list...
8712 [2022-07-18 23:22:13.721] [metadata] [info] Metadata delta stream starting...
8712 [2022-07-18 23:22:14.964] [metadata] [info] Metadata delta stream closed.
8712 [2022-07-18 23:22:14.966] [background] [info] Syncing folder list...
8712 [2022-07-18 23:22:15.003] [metadata] [info] Will retry in 3 sec.
8712 [2022-07-18 23:22:15.885] [background] [info] syncFolderChangesViaCondstore - INBOX: modseq 33 to 34, uidnext 15 to 16
8712 [2022-07-18 23:22:16.509] [background] [info] syncFolderChangesViaCondstore - Changes since HMODSEQ 33: 1 changed, 0 vanished
8712 [2022-07-18 23:22:17.113] [foreground] [info] syncFolderChangesViaCondstore - INBOX: modseq 33 to 34, uidnext 15 to 16
8712 [2022-07-18 23:22:17.118] [background] [info] Cleaning local cache and updating stats
8712 [2022-07-18 23:22:17.118] [background] [info] -- 0 message bodies deleted from local cache.
8712 [2022-07-18 23:22:17.421] [background] [info] syncFolderChangesViaCondstore - INBOX.Sent: modseq 1 to 1, uidnext 1 to 1
8712 [2022-07-18 23:22:17.422] [background] [info] Cleaning local cache and updating stats
8712 [2022-07-18 23:22:17.422] [background] [info] -- 0 message bodies deleted from local cache.
8712 [2022-07-18 23:22:17.727] [background] [info] syncFolderChangesViaCondstore - INBOX.Drafts: modseq 1 to 1, uidnext 1 to 1
8712 [2022-07-18 23:22:17.728] [foreground] [info] syncFolderChangesViaCondstore - Changes since HMODSEQ 33: 1 changed, 0 vanished
8712 [2022-07-18 23:22:17.728] [background] [info] Cleaning local cache and updating stats
8712 [2022-07-18 23:22:17.728] [background] [info] -- 0 message bodies deleted from local cache.
8712 [2022-07-18 23:22:17.730] [foreground] [info] Idling on folder INBOX
8712 [2022-07-18 23:22:18.004] [metadata] [info] Metadata delta stream starting...
8712 [2022-07-18 23:22:18.007] [background] [info] syncFolderChangesViaCondstore - INBOX.Trash: modseq 1 to 1, uidnext 1 to 1
8712 [2022-07-18 23:22:18.008] [background] [info] Cleaning local cache and updating stats
8712 [2022-07-18 23:22:18.008] [background] [info] -- 0 message bodies deleted from local cache.
8712 [2022-07-18 23:22:18.256] [background] [info] syncFolderChangesViaCondstore - INBOX.spam: modseq 1 to 1, uidnext 1 to 1
8712 [2022-07-18 23:22:18.257] [background] [info] Cleaning local cache and updating stats
8712 [2022-07-18 23:22:18.257] [background] [info] -- 0 message bodies deleted from local cache.
8712 [2022-07-18 23:22:18.548] [background] [info] syncFolderChangesViaCondstore - INBOX.Mailspring: modseq 1 to 1, uidnext 1 to 1
8712 [2022-07-18 23:22:18.548] [background] [info] Cleaning local cache and updating stats
8712 [2022-07-18 23:22:18.548] [background] [info] -- 0 message bodies deleted from local cache.
8712 [2022-07-18 23:22:18.853] [background] [info] syncFolderChangesViaCondstore - INBOX.Mailspring.Snoozed: modseq 1 to 1, uidnext 1 to 1
8712 [2022-07-18 23:22:18.854] [background] [info] Cleaning local cache and updating stats
8712 [2022-07-18 23:22:18.854] [background] [info] -- 0 message bodies deleted from local cache.
8712 [2022-07-18 23:22:18.855] [background] [info] Sync loop deleting unlinked messages with phase 2.
8712 [2022-07-18 23:22:18.855] [background] [info] Sync loop complete.
8712 [2022-07-18 23:22:18.855] [background] [info] Syncing folder list...
8712 [2022-07-18 23:22:19.160] [metadata] [info] Metadata delta stream closed.
8712 [2022-07-18 23:22:19.204] [metadata] [info] Will retry in 5 sec.
8712 [2022-07-18 23:22:19.774] [background] [info] syncFolderChangesViaCondstore - INBOX: modseq 34 to 34, uidnext 16 to 16
8712 [2022-07-18 23:22:19.775] [background] [info] Cleaning local cache and updating stats
8712 [2022-07-18 23:22:19.776] [background] [info] -- 0 message bodies deleted from local cache.
8712 [2022-07-18 23:22:20.082] [background] [info] syncFolderChangesViaCondstore - INBOX.Sent: modseq 1 to 1, uidnext 1 to 1
8712 [2022-07-18 23:22:20.389] [background] [info] syncFolderChangesViaCondstore - INBOX.Drafts: modseq 1 to 1, uidnext 1 to 1
8712 [2022-07-18 23:22:20.696] [background] [info] syncFolderChangesViaCondstore - INBOX.Trash: modseq 1 to 1, uidnext 1 to 1
8712 [2022-07-18 23:22:21.003] [background] [info] syncFolderChangesViaCondstore - INBOX.spam: modseq 1 to 1, uidnext 1 to 1
8712 [2022-07-18 23:22:21.310] [background] [info] syncFolderChangesViaCondstore - INBOX.Mailspring: modseq 1 to 1, uidnext 1 to 1
8712 [2022-07-18 23:22:21.617] [background] [info] syncFolderChangesViaCondstore - INBOX.Mailspring.Snoozed: modseq 1 to 1, uidnext 1 to 1
8712 [2022-07-18 23:22:21.617] [background] [info] Sync loop deleting unlinked messages with phase 1.
8712 [2022-07-18 23:22:21.618] [background] [info] Sync loop complete.
8712 [2022-07-18 23:22:24.204] [metadata] [info] Metadata delta stream starting...
8712 [2022-07-18 23:22:24.686] [metadataExpiration] [info] Scanning for expired metadata
8712 [2022-07-18 23:22:24.686] [metadataExpiration] [info] -- Will wake for next expiration in 7200sec
8712 [2022-07-18 23:22:24.688] [main] [info] [local-f747b238-41c5] Running ChangeUnreadTask performLocal:
8712 [2022-07-18 23:22:24.691] [main] [info] [local-f747b238-41c5] -- Succeeded. Changing status to `remote`
8712 [2022-07-18 23:22:25.301] [foreground] [info] Idle exited with code 0
8712 [2022-07-18 23:22:25.302] [metadata] [info] Metadata delta stream closed.
8712 [2022-07-18 23:22:25.302] [foreground] [info] [local-f747b238-41c5] Running ChangeUnreadTask performRemote:
8712 [2022-07-18 23:22:25.343] [metadata] [info] Will retry in 10 sec.
8712 [2022-07-18 23:22:25.612] [foreground] [info] [local-f747b238-41c5] -- Succeeded. Changing status to `complete`
8712 [2022-07-18 23:22:25.916] [foreground] [info] syncFolderChangesViaCondstore - INBOX: modseq 34 to 35, uidnext 16 to 16
8712 [2022-07-18 23:22:26.224] [foreground] [info] syncFolderChangesViaCondstore - Changes since HMODSEQ 34: 1 changed, 0 vanished
8712 [2022-07-18 23:22:26.226] [foreground] [info] Idling on folder INBOX
8712 [2022-07-18 23:22:28.841] [calContacts] [critical] 
***
*** Mailspring Sync 
*** An exception occurred during program execution: 
*** {"debuginfo":"https://id.getmailspring.com/api/resolve-dav-hosts RETURNED ","key":"Invalid Response Code: 503","retryable":true,"what":"std::exception"}
***

8712 [2022-07-18 23:22:28.841] [calContacts] [critical] *** Stack trace (line numbers are approximate):
*** ??:?        ValidateRequestResp(CURLcode, void*, string)
*** ??:?        PerformRequest(void*)
*** ??:?        PerformJSONRequest(void*)
*** ??:?        DAVWorker::resolveAddressBook()
*** ??:?        DAVWorker::runContacts()
*** ??:?        DAVWorker::run()
*** ??:?        runCalContactsSyncWorker()
*** main.cpp:?  main::{lambda()#4}::operator()() const
*** main.cpp:?  _Bind_simple::operator()()
*** main.cpp:?  thread::_Impl::_M_run()
*** thread.o:?  execute_native_thread_routine()
***

8712 [2022-07-18 23:22:35.343] [metadata] [info] Metadata delta stream starting...
8712 [2022-07-18 23:22:59.903] [foreground] [info] Idle exited with code 0
8712 [2022-07-18 23:23:00.152] [foreground] [info] syncFolderChangesViaCondstore - INBOX: modseq 35 to 36, uidnext 16 to 17
8712 [2022-07-18 23:23:00.415] [foreground] [info] syncFolderChangesViaCondstore - Changes since HMODSEQ 35: 1 changed, 0 vanished
8712 [2022-07-18 23:23:00.737] [foreground] [info] Idling on folder INBOX
8712 [2022-07-18 23:23:03.653] [main] [info] [local-d7784c5b-6c37] Running ChangeUnreadTask performLocal:
8712 [2022-07-18 23:23:03.658] [main] [info] [local-d7784c5b-6c37] -- Succeeded. Changing status to `remote`
8712 [2022-07-18 23:23:04.305] [foreground] [info] Idle exited with code 0
8712 [2022-07-18 23:23:04.305] [foreground] [info] [local-d7784c5b-6c37] Running ChangeUnreadTask performRemote:
8712 [2022-07-18 23:23:04.618] [foreground] [info] [local-d7784c5b-6c37] -- Succeeded. Changing status to `complete`
8712 [2022-07-18 23:23:04.919] [foreground] [info] syncFolderChangesViaCondstore - INBOX: modseq 36 to 37, uidnext 17 to 17
8712 [2022-07-18 23:23:05.227] [foreground] [info] syncFolderChangesViaCondstore - Changes since HMODSEQ 36: 1 changed, 0 vanished
8712 [2022-07-18 23:23:05.229] [foreground] [info] Idling on folder INBOX
8712 [2022-07-18 23:24:15.817] [foreground] [info] Idle exited with code 0
8712 [2022-07-18 23:24:16.082] [foreground] [info] syncFolderChangesViaCondstore - INBOX: modseq 37 to 37, uidnext 17 to 17
8712 [2022-07-18 23:24:16.083] [foreground] [info] Idling on folder INBOX
8712 [2022-07-18 23:24:21.618] [background] [info] Syncing folder list...
8712 [2022-07-18 23:24:22.533] [background] [info] syncFolderChangesViaCondstore - INBOX: modseq 37 to 34, uidnext 17 to 16
8712 [2022-07-18 23:24:22.771] [background] [info] syncFolderChangesViaCondstore - Changes since HMODSEQ 37: 0 changed, 0 vanished
8712 [2022-07-18 23:24:23.007] [background] [info] syncFolderChangesViaCondstore - INBOX.Sent: modseq 1 to 1, uidnext 1 to 1
8712 [2022-07-18 23:24:23.255] [background] [info] syncFolderChangesViaCondstore - INBOX.Drafts: modseq 1 to 1, uidnext 1 to 1
8712 [2022-07-18 23:24:23.491] [background] [info] syncFolderChangesViaCondstore - INBOX.Trash: modseq 1 to 1, uidnext 1 to 1
8712 [2022-07-18 23:24:23.739] [background] [info] syncFolderChangesViaCondstore - INBOX.spam: modseq 1 to 1, uidnext 1 to 1
8712 [2022-07-18 23:24:23.982] [background] [info] syncFolderChangesViaCondstore - INBOX.Mailspring: modseq 1 to 1, uidnext 1 to 1
8712 [2022-07-18 23:24:24.226] [background] [info] syncFolderChangesViaCondstore - INBOX.Mailspring.Snoozed: modseq 1 to 1, uidnext 1 to 1
8712 [2022-07-18 23:24:24.226] [background] [info] Sync loop deleting unlinked messages with phase 2.
8712 [2022-07-18 23:24:24.226] [background] [info] Sync loop complete.
8712 [2022-07-18 23:24:45.062] [metadata] [info] Metadata delta stream closed.
8712 [2022-07-18 23:24:45.105] [metadata] [info] Will retry in 20 sec.
8712 [2022-07-18 23:25:05.106] [metadata] [info] Metadata delta stream starting...
8712 [2022-07-18 23:25:06.668] [metadata] [info] Metadata delta stream closed.
8712 [2022-07-18 23:25:06.696] [metadata] [info] Will retry in 30 sec.
8712 [2022-07-18 23:25:36.696] [metadata] [info] Metadata delta stream starting...
8712 [2022-07-18 23:26:15.792] [foreground] [info] Idle exited with code 0
8712 [2022-07-18 23:26:16.099] [foreground] [info] syncFolderChangesViaCondstore - INBOX: modseq 34 to 37, uidnext 16 to 17
8712 [2022-07-18 23:26:16.413] [foreground] [info] syncFolderChangesViaCondstore - Changes since HMODSEQ 34: 2 changed, 0 vanished
8712 [2022-07-18 23:26:16.416] [foreground] [info] Idling on folder INBOX
8712 [2022-07-18 23:26:24.227] [background] [info] Syncing folder list...
8712 [2022-07-18 23:26:25.110] [background] [info] syncFolderChangesViaCondstore - INBOX: modseq 37 to 37, uidnext 17 to 17
8712 [2022-07-18 23:26:25.417] [background] [info] syncFolderChangesViaCondstore - INBOX.Sent: modseq 1 to 1, uidnext 1 to 1
8712 [2022-07-18 23:26:25.724] [background] [info] syncFolderChangesViaCondstore - INBOX.Drafts: modseq 1 to 1, uidnext 1 to 1
8712 [2022-07-18 23:26:26.018] [background] [info] syncFolderChangesViaCondstore - INBOX.Trash: modseq 1 to 1, uidnext 1 to 1
8712 [2022-07-18 23:26:26.339] [background] [info] syncFolderChangesViaCondstore - INBOX.spam: modseq 1 to 1, uidnext 1 to 1
8712 [2022-07-18 23:26:26.647] [background] [info] syncFolderChangesViaCondstore - INBOX.Mailspring: modseq 1 to 1, uidnext 1 to 1
8712 [2022-07-18 23:26:26.953] [background] [info] syncFolderChangesViaCondstore - INBOX.Mailspring.Snoozed: modseq 1 to 1, uidnext 1 to 1
8712 [2022-07-18 23:26:26.953] [background] [info] Sync loop deleting unlinked messages with phase 1.
8712 [2022-07-18 23:26:26.953] [background] [info] Sync loop complete.
8712 [2022-07-18 23:27:11.696] [metadata] [info] Metadata delta stream closed.
8712 [2022-07-18 23:27:11.723] [metadata] [info] Will retry in 60 sec.
8712 [2022-07-18 23:28:11.724] [metadata] [info] Metadata delta stream starting...
8712 [2022-07-18 23:28:16.100] [foreground] [info] Idle exited with code 0
8712 [2022-07-18 23:28:16.407] [foreground] [info] syncFolderChangesViaCondstore - INBOX: modseq 37 to 37, uidnext 17 to 17
8712 [2022-07-18 23:28:16.408] [foreground] [info] Idling on folder INBOX
8712 [2022-07-18 23:28:26.954] [background] [info] Syncing folder list...
8712 [2022-07-18 23:28:27.875] [background] [info] syncFolderChangesViaCondstore - INBOX: modseq 37 to 37, uidnext 17 to 17
8712 [2022-07-18 23:28:28.183] [background] [info] syncFolderChangesViaCondstore - INBOX.Sent: modseq 1 to 1, uidnext 1 to 1
8712 [2022-07-18 23:28:28.490] [background] [info] syncFolderChangesViaCondstore - INBOX.Drafts: modseq 1 to 1, uidnext 1 to 1
8712 [2022-07-18 23:28:28.799] [background] [info] syncFolderChangesViaCondstore - INBOX.Trash: modseq 1 to 1, uidnext 1 to 1
8712 [2022-07-18 23:28:29.104] [background] [info] syncFolderChangesViaCondstore - INBOX.spam: modseq 1 to 1, uidnext 1 to 1
8712 [2022-07-18 23:28:29.412] [background] [info] syncFolderChangesViaCondstore - INBOX.Mailspring: modseq 1 to 1, uidnext 1 to 1
8712 [2022-07-18 23:28:29.719] [background] [info] syncFolderChangesViaCondstore - INBOX.Mailspring.Snoozed: modseq 1 to 1, uidnext 1 to 1
8712 [2022-07-18 23:28:29.719] [background] [info] Sync loop deleting unlinked messages with phase 2.
8712 [2022-07-18 23:28:29.719] [background] [info] Sync loop complete.
8712 [2022-07-18 23:29:42.025] [metadata] [info] Metadata delta stream closed.
8712 [2022-07-18 23:29:42.066] [metadata] [info] Will retry in 120 sec.
8712 [2022-07-18 23:30:16.111] [foreground] [info] Idle exited with code 0
8712 [2022-07-18 23:30:16.422] [foreground] [info] syncFolderChangesViaCondstore - INBOX: modseq 37 to 37, uidnext 17 to 17
8712 [2022-07-18 23:30:16.423] [foreground] [info] Idling on folder INBOX
8712 [2022-07-18 23:30:29.720] [background] [info] Syncing folder list...
8712 [2022-07-18 23:30:30.652] [background] [info] syncFolderChangesViaCondstore - INBOX: modseq 37 to 37, uidnext 17 to 17
8712 [2022-07-18 23:30:30.960] [background] [info] syncFolderChangesViaCondstore - INBOX.Sent: modseq 1 to 1, uidnext 1 to 1
8712 [2022-07-18 23:30:31.267] [background] [info] syncFolderChangesViaCondstore - INBOX.Drafts: modseq 1 to 1, uidnext 1 to 1
8712 [2022-07-18 23:30:31.543] [background] [info] syncFolderChangesViaCondstore - INBOX.Trash: modseq 1 to 1, uidnext 1 to 1
8712 [2022-07-18 23:30:31.881] [background] [info] syncFolderChangesViaCondstore - INBOX.spam: modseq 1 to 1, uidnext 1 to 1
8712 [2022-07-18 23:30:32.117] [background] [info] syncFolderChangesViaCondstore - INBOX.Mailspring: modseq 1 to 1, uidnext 1 to 1
8712 [2022-07-18 23:30:32.356] [background] [info] syncFolderChangesViaCondstore - INBOX.Mailspring.Snoozed: modseq 1 to 1, uidnext 1 to 1
8712 [2022-07-18 23:30:32.356] [background] [info] Sync loop deleting unlinked messages with phase 1.
8712 [2022-07-18 23:30:32.357] [background] [info] Sync loop complete.
8712 [2022-07-18 23:31:42.067] [metadata] [info] Metadata delta stream starting...
8712 [2022-07-18 23:32:16.127] [foreground] [info] Idle exited with code 0
8712 [2022-07-18 23:32:16.434] [foreground] [info] syncFolderChangesViaCondstore - INBOX: modseq 37 to 37, uidnext 17 to 17
8712 [2022-07-18 23:32:16.434] [foreground] [info] Idling on folder INBOX
8712 [2022-07-18 23:32:17.666] [metadata] [info] Metadata delta stream closed.
8712 [2022-07-18 23:32:17.687] [metadata] [info] Will retry in 300 sec.
8712 [2022-07-18 23:32:32.357] [background] [info] Syncing folder list...
8712 [2022-07-18 23:32:33.228] [background] [info] syncFolderChangesViaCondstore - INBOX: modseq 37 to 37, uidnext 17 to 17
8712 [2022-07-18 23:32:33.535] [background] [info] syncFolderChangesViaCondstore - INBOX.Sent: modseq 1 to 1, uidnext 1 to 1
8712 [2022-07-18 23:32:33.850] [background] [info] syncFolderChangesViaCondstore - INBOX.Drafts: modseq 1 to 1, uidnext 1 to 1
8712 [2022-07-18 23:32:34.150] [background] [info] syncFolderChangesViaCondstore - INBOX.Trash: modseq 1 to 1, uidnext 1 to 1
8712 [2022-07-18 23:32:34.457] [background] [info] syncFolderChangesViaCondstore - INBOX.spam: modseq 1 to 1, uidnext 1 to 1
8712 [2022-07-18 23:32:34.765] [background] [info] syncFolderChangesViaCondstore - INBOX.Mailspring: modseq 1 to 1, uidnext 1 to 1
8712 [2022-07-18 23:32:35.071] [background] [info] syncFolderChangesViaCondstore - INBOX.Mailspring.Snoozed: modseq 1 to 1, uidnext 1 to 1
8712 [2022-07-18 23:32:35.072] [background] [info] Sync loop deleting unlinked messages with phase 2.
8712 [2022-07-18 23:32:35.072] [background] [info] Sync loop complete.
8712 [2022-07-18 23:34:16.035] [foreground] [info] Idle exited with code 0
8712 [2022-07-18 23:34:16.294] [foreground] [info] syncFolderChangesViaCondstore - INBOX: modseq 37 to 37, uidnext 17 to 17
8712 [2022-07-18 23:34:16.295] [foreground] [info] Idling on folder INBOX
8712 [2022-07-18 23:34:35.072] [background] [info] Syncing folder list...
8712 [2022-07-18 23:34:35.803] [background] [info] syncFolderChangesViaCondstore - INBOX: modseq 37 to 37, uidnext 17 to 17
8712 [2022-07-18 23:34:36.045] [background] [info] syncFolderChangesViaCondstore - INBOX.Sent: modseq 1 to 1, uidnext 1 to 1
8712 [2022-07-18 23:34:36.294] [background] [info] syncFolderChangesViaCondstore - INBOX.Drafts: modseq 1 to 1, uidnext 1 to 1
8712 [2022-07-18 23:34:36.535] [background] [info] syncFolderChangesViaCondstore - INBOX.Trash: modseq 1 to 1, uidnext 1 to 1
8712 [2022-07-18 23:34:36.796] [background] [info] syncFolderChangesViaCondstore - INBOX.spam: modseq 1 to 1, uidnext 1 to 1
8712 [2022-07-18 23:34:37.050] [background] [info] syncFolderChangesViaCondstore - INBOX.Mailspring: modseq 1 to 1, uidnext 1 to 1
8712 [2022-07-18 23:34:37.307] [background] [info] syncFolderChangesViaCondstore - INBOX.Mailspring.Snoozed: modseq 1 to 1, uidnext 1 to 1
8712 [2022-07-18 23:34:37.307] [background] [info] Sync loop deleting unlinked messages with phase 1.
8712 [2022-07-18 23:34:37.307] [background] [info] Sync loop complete.
8712 [2022-07-18 23:36:15.895] [foreground] [info] Idle exited with code 0
8712 [2022-07-18 23:36:16.154] [foreground] [info] syncFolderChangesViaCondstore - INBOX: modseq 37 to 37, uidnext 17 to 17
8712 [2022-07-18 23:36:16.155] [foreground] [info] Idling on folder INBOX
8712 [2022-07-18 23:36:37.308] [background] [info] Syncing folder list...
8712 [2022-07-18 23:36:38.048] [background] [info] syncFolderChangesViaCondstore - INBOX: modseq 37 to 37, uidnext 17 to 17
8712 [2022-07-18 23:36:38.296] [background] [info] syncFolderChangesViaCondstore - INBOX.Sent: modseq 1 to 1, uidnext 1 to 1
8712 [2022-07-18 23:36:38.549] [background] [info] syncFolderChangesViaCondstore - INBOX.Drafts: modseq 1 to 1, uidnext 1 to 1
8712 [2022-07-18 23:36:38.790] [background] [info] syncFolderChangesViaCondstore - INBOX.Trash: modseq 1 to 1, uidnext 1 to 1
8712 [2022-07-18 23:36:39.030] [background] [info] syncFolderChangesViaCondstore - INBOX.spam: modseq 1 to 1, uidnext 1 to 1
8712 [2022-07-18 23:36:39.270] [background] [info] syncFolderChangesViaCondstore - INBOX.Mailspring: modseq 1 to 1, uidnext 1 to 1
8712 [2022-07-18 23:36:39.510] [background] [info] syncFolderChangesViaCondstore - INBOX.Mailspring.Snoozed: modseq 1 to 1, uidnext 1 to 1
8712 [2022-07-18 23:36:39.511] [background] [info] Sync loop deleting unlinked messages with phase 2.
8712 [2022-07-18 23:36:39.511] [background] [info] Sync loop complete.
8712 [2022-07-18 23:37:17.687] [metadata] [info] Metadata delta stream starting...
8712 [2022-07-18 23:37:18.738] [metadata] [info] Metadata delta stream closed.
8712 [2022-07-18 23:37:18.777] [metadata] [info] Will retry in 300 sec.
8712 [2022-07-18 23:38:15.754] [foreground] [info] Idle exited with code 0
8712 [2022-07-18 23:38:16.005] [foreground] [info] syncFolderChangesViaCondstore - INBOX: modseq 37 to 37, uidnext 17 to 17
8712 [2022-07-18 23:38:16.006] [foreground] [info] Idling on folder INBOX
8712 [2022-07-18 23:38:39.511] [background] [info] Syncing folder list...
8712 [2022-07-18 23:38:40.275] [background] [info] syncFolderChangesViaCondstore - INBOX: modseq 37 to 37, uidnext 17 to 17
8712 [2022-07-18 23:38:40.516] [background] [info] syncFolderChangesViaCondstore - INBOX.Sent: modseq 1 to 1, uidnext 1 to 1
8712 [2022-07-18 23:38:40.767] [background] [info] syncFolderChangesViaCondstore - INBOX.Drafts: modseq 1 to 1, uidnext 1 to 1
8712 [2022-07-18 23:38:41.008] [background] [info] syncFolderChangesViaCondstore - INBOX.Trash: modseq 1 to 1, uidnext 1 to 1
8712 [2022-07-18 23:38:41.251] [background] [info] syncFolderChangesViaCondstore - INBOX.spam: modseq 1 to 1, uidnext 1 to 1
8712 [2022-07-18 23:38:41.492] [background] [info] syncFolderChangesViaCondstore - INBOX.Mailspring: modseq 1 to 1, uidnext 1 to 1
8712 [2022-07-18 23:38:41.735] [background] [info] syncFolderChangesViaCondstore - INBOX.Mailspring.Snoozed: modseq 1 to 1, uidnext 1 to 1
8712 [2022-07-18 23:38:41.735] [background] [info] Sync loop deleting unlinked messages with phase 1.
8712 [2022-07-18 23:38:41.735] [background] [info] Sync loop complete.
8712 [2022-07-18 23:40:15.807] [foreground] [info] Idle exited with code 0
8712 [2022-07-18 23:40:16.054] [foreground] [info] syncFolderChangesViaCondstore - INBOX: modseq 37 to 37, uidnext 17 to 17
8712 [2022-07-18 23:40:16.055] [foreground] [info] Idling on folder INBOX
8712 [2022-07-18 23:40:41.736] [background] [info] Syncing folder list...
8712 [2022-07-18 23:40:42.495] [background] [info] syncFolderChangesViaCondstore - INBOX: modseq 37 to 37, uidnext 17 to 17
8712 [2022-07-18 23:40:42.746] [background] [info] syncFolderChangesViaCondstore - INBOX.Sent: modseq 1 to 1, uidnext 1 to 1
8712 [2022-07-18 23:40:43.004] [background] [info] syncFolderChangesViaCondstore - INBOX.Drafts: modseq 1 to 1, uidnext 1 to 1
8712 [2022-07-18 23:40:43.245] [background] [info] syncFolderChangesViaCondstore - INBOX.Trash: modseq 1 to 1, uidnext 1 to 1
8712 [2022-07-18 23:40:43.495] [background] [info] syncFolderChangesViaCondstore - INBOX.spam: modseq 1 to 1, uidnext 1 to 1
8712 [2022-07-18 23:40:43.738] [background] [info] syncFolderChangesViaCondstore - INBOX.Mailspring: modseq 1 to 1, uidnext 1 to 1
8712 [2022-07-18 23:40:43.999] [background] [info] syncFolderChangesViaCondstore - INBOX.Mailspring.Snoozed: modseq 1 to 1, uidnext 1 to 1
8712 [2022-07-18 23:40:43.999] [background] [info] Sync loop deleting unlinked messages with phase 2.
8712 [2022-07-18 23:40:43.999] [background] [info] Sync loop complete.
8712 [2022-07-18 23:42:15.792] [foreground] [info] Idle exited with code 0
8712 [2022-07-18 23:42:16.099] [foreground] [info] syncFolderChangesViaCondstore - INBOX: modseq 37 to 37, uidnext 17 to 17
8712 [2022-07-18 23:42:16.101] [foreground] [info] Idling on folder INBOX
8712 [2022-07-18 23:42:18.777] [metadata] [info] Metadata delta stream starting...
8712 [2022-07-18 23:42:19.990] [metadata] [info] Metadata delta stream closed.
8712 [2022-07-18 23:42:20.027] [metadata] [info] Will retry in 300 sec.
8712 [2022-07-18 23:42:44.000] [background] [info] Syncing folder list...
8712 [2022-07-18 23:42:44.772] [background] [info] syncFolderChangesViaCondstore - INBOX: modseq 37 to 37, uidnext 17 to 17
8712 [2022-07-18 23:42:45.079] [background] [info] syncFolderChangesViaCondstore - INBOX.Sent: modseq 1 to 1, uidnext 1 to 1
8712 [2022-07-18 23:42:45.319] [background] [info] syncFolderChangesViaCondstore - INBOX.Drafts: modseq 1 to 1, uidnext 1 to 1
8712 [2022-07-18 23:42:45.559] [background] [info] syncFolderChangesViaCondstore - INBOX.Trash: modseq 1 to 1, uidnext 1 to 1
8712 [2022-07-18 23:42:45.898] [background] [info] syncFolderChangesViaCondstore - INBOX.spam: modseq 1 to 1, uidnext 1 to 1
8712 [2022-07-18 23:42:46.206] [background] [info] syncFolderChangesViaCondstore - INBOX.Mailspring: modseq 1 to 1, uidnext 1 to 1
8712 [2022-07-18 23:42:46.513] [background] [info] syncFolderChangesViaCondstore - INBOX.Mailspring.Snoozed: modseq 1 to 1, uidnext 1 to 1
8712 [2022-07-18 23:42:46.513] [background] [info] Sync loop deleting unlinked messages with phase 1.
8712 [2022-07-18 23:42:46.514] [background] [info] Sync loop complete.
8712 [2022-07-18 23:44:15.808] [foreground] [info] Idle exited with code 0
8712 [2022-07-18 23:44:16.115] [foreground] [info] syncFolderChangesViaCondstore - INBOX: modseq 37 to 37, uidnext 17 to 17
8712 [2022-07-18 23:44:16.117] [foreground] [info] Idling on folder INBOX
8712 [2022-07-18 23:44:46.514] [background] [info] Syncing folder list...
8712 [2022-07-18 23:44:47.452] [background] [info] syncFolderChangesViaCondstore - INBOX: modseq 37 to 37, uidnext 17 to 17
8712 [2022-07-18 23:44:47.758] [background] [info] syncFolderChangesViaCondstore - INBOX.Sent: modseq 1 to 1, uidnext 1 to 1
8712 [2022-07-18 23:44:48.066] [background] [info] syncFolderChangesViaCondstore - INBOX.Drafts: modseq 1 to 1, uidnext 1 to 1
8712 [2022-07-18 23:44:48.334] [background] [info] syncFolderChangesViaCondstore - INBOX.Trash: modseq 1 to 1, uidnext 1 to 1
8712 [2022-07-18 23:44:48.583] [background] [info] syncFolderChangesViaCondstore - INBOX.spam: modseq 1 to 1, uidnext 1 to 1
8712 [2022-07-18 23:44:48.884] [background] [info] syncFolderChangesViaCondstore - INBOX.Mailspring: modseq 1 to 1, uidnext 1 to 1
8712 [2022-07-18 23:44:49.127] [background] [info] syncFolderChangesViaCondstore - INBOX.Mailspring.Snoozed: modseq 1 to 1, uidnext 1 to 1
8712 [2022-07-18 23:44:49.127] [background] [info] Sync loop deleting unlinked messages with phase 2.
8712 [2022-07-18 23:44:49.127] [background] [info] Sync loop complete.
8712 [2022-07-18 23:46:15.827] [foreground] [info] Idle exited with code 0
8712 [2022-07-18 23:46:16.070] [foreground] [info] syncFolderChangesViaCondstore - INBOX: modseq 37 to 37, uidnext 17 to 17
8712 [2022-07-18 23:46:16.072] [foreground] [info] Idling on folder INBOX
8712 [2022-07-18 23:46:49.127] [background] [info] Syncing folder list...
8712 [2022-07-18 23:46:50.028] [background] [info] syncFolderChangesViaCondstore - INBOX: modseq 37 to 37, uidnext 17 to 17
8712 [2022-07-18 23:46:50.335] [background] [info] syncFolderChangesViaCondstore - INBOX.Sent: modseq 1 to 1, uidnext 1 to 1
8712 [2022-07-18 23:46:50.644] [background] [info] syncFolderChangesViaCondstore - INBOX.Drafts: modseq 1 to 1, uidnext 1 to 1
8712 [2022-07-18 23:46:50.880] [background] [info] syncFolderChangesViaCondstore - INBOX.Trash: modseq 1 to 1, uidnext 1 to 1
8712 [2022-07-18 23:46:51.155] [background] [info] syncFolderChangesViaCondstore - INBOX.spam: modseq 1 to 1, uidnext 1 to 1
8712 [2022-07-18 23:46:51.462] [background] [info] syncFolderChangesViaCondstore - INBOX.Mailspring: modseq 1 to 1, uidnext 1 to 1
8712 [2022-07-18 23:46:51.769] [background] [info] syncFolderChangesViaCondstore - INBOX.Mailspring.Snoozed: modseq 1 to 1, uidnext 1 to 1
8712 [2022-07-18 23:46:51.769] [background] [info] Sync loop deleting unlinked messages with phase 1.
8712 [2022-07-18 23:46:51.770] [background] [info] Sync loop complete.
8712 [2022-07-18 23:47:20.036] [metadata] [info] Metadata delta stream starting...
8712 [2022-07-18 23:47:21.261] [metadata] [info] Metadata delta stream closed.
8712 [2022-07-18 23:47:21.313] [metadata] [info] Will retry in 300 sec.
8712 [2022-07-18 23:48:15.745] [foreground] [info] Idle exited with code 0
8712 [2022-07-18 23:48:16.047] [foreground] [info] syncFolderChangesViaCondstore - INBOX: modseq 37 to 37, uidnext 17 to 17
8712 [2022-07-18 23:48:16.048] [foreground] [info] Idling on folder INBOX
8712 [2022-07-18 23:48:51.770] [background] [info] Syncing folder list...
8712 [2022-07-18 23:48:52.710] [background] [info] syncFolderChangesViaCondstore - INBOX: modseq 37 to 37, uidnext 17 to 17
8712 [2022-07-18 23:48:53.015] [background] [info] syncFolderChangesViaCondstore - INBOX.Sent: modseq 1 to 1, uidnext 1 to 1
8712 [2022-07-18 23:48:53.322] [background] [info] syncFolderChangesViaCondstore - INBOX.Drafts: modseq 1 to 1, uidnext 1 to 1
8712 [2022-07-18 23:48:53.601] [background] [info] syncFolderChangesViaCondstore - INBOX.Trash: modseq 1 to 1, uidnext 1 to 1
8712 [2022-07-18 23:48:53.937] [background] [info] syncFolderChangesViaCondstore - INBOX.spam: modseq 1 to 1, uidnext 1 to 1
8712 [2022-07-18 23:48:54.244] [background] [info] syncFolderChangesViaCondstore - INBOX.Mailspring: modseq 1 to 1, uidnext 1 to 1
8712 [2022-07-18 23:48:54.484] [background] [info] syncFolderChangesViaCondstore - INBOX.Mailspring.Snoozed: modseq 1 to 1, uidnext 1 to 1
8712 [2022-07-18 23:48:54.484] [background] [info] Sync loop deleting unlinked messages with phase 2.
8712 [2022-07-18 23:48:54.484] [background] [info] Sync loop complete.
8712 [2022-07-18 23:50:15.678] [foreground] [info] Idle exited with code 0
8712 [2022-07-18 23:50:15.926] [foreground] [info] syncFolderChangesViaCondstore - INBOX: modseq 37 to 37, uidnext 17 to 17
8712 [2022-07-18 23:50:15.927] [foreground] [info] Idling on folder INBOX
8712 [2022-07-18 23:50:54.485] [background] [info] Syncing folder list...
8712 [2022-07-18 23:50:55.389] [background] [info] syncFolderChangesViaCondstore - INBOX: modseq 37 to 37, uidnext 17 to 17
8712 [2022-07-18 23:50:55.695] [background] [info] syncFolderChangesViaCondstore - INBOX.Sent: modseq 1 to 1, uidnext 1 to 1
8712 [2022-07-18 23:50:56.002] [background] [info] syncFolderChangesViaCondstore - INBOX.Drafts: modseq 1 to 1, uidnext 1 to 1
8712 [2022-07-18 23:50:56.309] [background] [info] syncFolderChangesViaCondstore - INBOX.Trash: modseq 1 to 1, uidnext 1 to 1
8712 [2022-07-18 23:50:56.545] [background] [info] syncFolderChangesViaCondstore - INBOX.spam: modseq 1 to 1, uidnext 1 to 1
8712 [2022-07-18 23:50:56.822] [background] [info] syncFolderChangesViaCondstore - INBOX.Mailspring: modseq 1 to 1, uidnext 1 to 1
8712 [2022-07-18 23:50:57.129] [background] [info] syncFolderChangesViaCondstore - INBOX.Mailspring.Snoozed: modseq 1 to 1, uidnext 1 to 1
8712 [2022-07-18 23:50:57.129] [background] [info] Sync loop deleting unlinked messages with phase 1.
8712 [2022-07-18 23:50:57.130] [background] [info] Sync loop complete.
