[2022-07-18 21:25:49.034] [exthost] [info] Extension host with pid 2437 started
[2022-07-18 21:25:49.149] [exthost] [info] ExtensionService#_doActivateExtension vscode.microsoft-authentication, startup: false, activationEvent: 'onAuthenticationRequest:microsoft'
[2022-07-18 21:25:49.220] [exthost] [info] ExtensionService#_doActivateExtension vscode.debug-auto-launch, startup: true, activationEvent: '*'
[2022-07-18 21:25:49.224] [exthost] [info] ExtensionService#_doActivateExtension vscode.git-base, startup: true, activationEvent: '*'
[2022-07-18 21:25:49.229] [exthost] [info] ExtensionService#_doActivateExtension vscode.ipynb, startup: true, activationEvent: '*'
[2022-07-18 21:25:49.317] [exthost] [info] ExtensionService#_doActivateExtension vscode.github, startup: true, activationEvent: '*'
[2022-07-18 21:25:49.394] [exthost] [info] Eager extensions activated
[2022-07-18 21:25:49.396] [exthost] [info] ExtensionService#_doActivateExtension vscode.emmet, startup: false, activationEvent: 'onStartupFinished'
[2022-07-18 21:25:49.411] [exthost] [info] ExtensionService#_doActivateExtension vscode.merge-conflict, startup: false, activationEvent: 'onStartupFinished'
[2022-07-18 21:25:49.417] [exthost] [info] ExtensionService#_doActivateExtension vscode.github-authentication, startup: false, activationEvent: 'onAuthenticationRequest:github'
[2022-07-18 21:25:59.751] [exthost] [info] Extension host terminating: received terminate message from renderer
[2022-07-18 21:25:59.752] [exthost] [info] Extension host with pid 2437 exiting with code 0
[2022-07-18 21:26:00.756] [exthost] [info] Extension host with pid 2539 started
[2022-07-18 21:26:00.756] [exthost] [info] Skipping acquiring lock for /home/mcking/.config/Code/User/workspaceStorage/47e7497652eafd0439e19517c1d8f8df.
[2022-07-18 21:26:00.796] [exthost] [info] ExtensionService#_doActivateExtension vscode.microsoft-authentication, startup: false, activationEvent: 'onAuthenticationRequest:microsoft'
[2022-07-18 21:26:00.806] [exthost] [info] ExtensionService#_doActivateExtension vscode.debug-auto-launch, startup: true, activationEvent: '*'
[2022-07-18 21:26:00.808] [exthost] [info] ExtensionService#_doActivateExtension vscode.git-base, startup: true, activationEvent: '*'
[2022-07-18 21:26:00.809] [exthost] [info] ExtensionService#_doActivateExtension vscode.ipynb, startup: true, activationEvent: '*'
[2022-07-18 21:26:00.820] [exthost] [info] ExtensionService#_doActivateExtension vscode.github, startup: true, activationEvent: '*'
[2022-07-18 21:26:00.830] [exthost] [info] Eager extensions activated
[2022-07-18 21:26:00.832] [exthost] [info] ExtensionService#_doActivateExtension vscode.emmet, startup: false, activationEvent: 'onStartupFinished'
[2022-07-18 21:26:00.842] [exthost] [info] ExtensionService#_doActivateExtension vscode.merge-conflict, startup: false, activationEvent: 'onStartupFinished'
[2022-07-18 21:26:00.855] [exthost] [info] ExtensionService#_doActivateExtension vscode.github-authentication, startup: false, activationEvent: 'onAuthenticationRequest:github'
[2022-07-18 21:26:03.196] [exthost] [info] ExtensionService#_doActivateExtension vscode.git, startup: false, activationEvent: 'api', root cause: vscode.github
[2022-07-18 21:26:09.850] [exthost] [info] ExtensionService#_doActivateExtension vscode.extension-editing, startup: false, activationEvent: 'onLanguage:markdown'
[2022-07-18 21:26:09.868] [exthost] [info] ExtensionService#_doActivateExtension vscode.markdown-language-features, startup: false, activationEvent: 'onLanguage:markdown'
[2022-07-18 21:26:10.158] [exthost] [info] ExtensionService#_doActivateExtension vscode.markdown-math, startup: false, activationEvent: 'api', root cause: vscode.markdown-language-features
[2022-07-18 21:26:33.460] [exthost] [info] ExtensionService#_doActivateExtension vscode.configuration-editing, startup: false, activationEvent: 'onLanguage:json'
[2022-07-18 21:26:33.465] [exthost] [info] ExtensionService#_doActivateExtension vscode.json-language-features, startup: false, activationEvent: 'onLanguage:json'
[2022-07-18 21:26:33.537] [exthost] [info] ExtensionService#_doActivateExtension vscode.npm, startup: false, activationEvent: 'onLanguage:json'
[2022-07-18 21:26:33.693] [exthost] [info] Extension host terminating: renderer closed the socket
[2022-07-18 21:26:33.697] [exthost] [info] Extension host with pid 2539 exiting with code 0
[2022-07-18 21:26:33.882] [exthost] [info] Extension host with pid 2636 started
[2022-07-18 21:26:33.882] [exthost] [info] Skipping acquiring lock for /home/mcking/.config/Code/User/workspaceStorage/49a0edd1c6fb2fb46d1e1d120ed8ee3f.
[2022-07-18 21:26:33.906] [exthost] [info] ExtensionService#_doActivateExtension vscode.microsoft-authentication, startup: false, activationEvent: 'onAuthenticationRequest:microsoft'
[2022-07-18 21:26:33.914] [exthost] [info] ExtensionService#_doActivateExtension vscode.github-authentication, startup: false, activationEvent: 'onAuthenticationRequest:github'
[2022-07-18 21:26:33.921] [exthost] [info] ExtensionService#_doActivateExtension vscode.git-base, startup: false, activationEvent: 'onFileSystem:git', root cause: vscode.git
[2022-07-18 21:26:33.922] [exthost] [info] ExtensionService#_doActivateExtension vscode.extension-editing, startup: false, activationEvent: 'onLanguage:markdown'
[2022-07-18 21:26:33.926] [exthost] [info] ExtensionService#_doActivateExtension vscode.markdown-language-features, startup: false, activationEvent: 'onLanguage:markdown'
[2022-07-18 21:26:33.939] [exthost] [info] ExtensionService#_doActivateExtension vscode.configuration-editing, startup: false, activationEvent: 'onLanguage:json'
[2022-07-18 21:26:33.942] [exthost] [info] ExtensionService#_doActivateExtension vscode.json-language-features, startup: false, activationEvent: 'onLanguage:json'
[2022-07-18 21:26:33.998] [exthost] [info] ExtensionService#_doActivateExtension vscode.npm, startup: false, activationEvent: 'onLanguage:json'
[2022-07-18 21:26:34.016] [exthost] [info] ExtensionService#_doActivateExtension vscode.debug-auto-launch, startup: true, activationEvent: '*'
[2022-07-18 21:26:34.018] [exthost] [info] ExtensionService#_doActivateExtension vscode.ipynb, startup: true, activationEvent: '*'
[2022-07-18 21:26:34.032] [exthost] [info] ExtensionService#_doActivateExtension vscode.git, startup: false, activationEvent: 'onFileSystem:git'
[2022-07-18 21:26:34.044] [exthost] [info] ExtensionService#_doActivateExtension vscode.github, startup: true, activationEvent: '*'
[2022-07-18 21:26:34.107] [exthost] [info] Eager extensions activated
[2022-07-18 21:26:34.130] [exthost] [info] ExtensionService#_doActivateExtension vscode.emmet, startup: false, activationEvent: 'onStartupFinished'
[2022-07-18 21:26:34.133] [exthost] [info] ExtensionService#_doActivateExtension vscode.merge-conflict, startup: false, activationEvent: 'onStartupFinished'
[2022-07-18 21:27:26.795] [exthost] [info] ExtensionService#_doActivateExtension vscode.typescript-language-features, startup: false, activationEvent: 'onLanguage:jsonc'
[2022-07-18 23:20:49.550] [exthost] [info] Extension host terminating: received terminate message from renderer
[2022-07-18 23:20:49.559] [exthost] [info] Extension host with pid 2636 exiting with code 0
