[2022-07-18 23:35:07.345] [main] [info] update#setState idle
[2022-07-18 23:35:08.187] [main] [info] Starting extension host with pid 10474 (fork() took 8 ms).
[2022-07-18 23:35:08.326] [main] [info] Starting extension host with pid 10488 (fork() took 11 ms).
[2022-07-18 23:35:11.824] [main] [error] [uncaught exception in main]: Error: Settings Profiles are disabled. Enable them via the 'workbench.experimental.settingsProfiles.enabled' setting.
[2022-07-18 23:35:11.825] [main] [error] Error: Settings Profiles are disabled. Enable them via the 'workbench.experimental.settingsProfiles.enabled' setting.
    at bt.unsetWorkspace (/usr/share/code/resources/app/out/vs/code/electron-main/main.js:69:70200)
    at o.deleteUntitledWorkspaceSync (/usr/share/code/resources/app/out/vs/code/electron-main/main.js:76:26367)
    at o.deleteUntitledWorkspace (/usr/share/code/resources/app/out/vs/code/electron-main/main.js:76:26467)
    at D.deleteUntitledWorkspace (/usr/share/code/resources/app/out/vs/code/electron-main/main.js:77:55486)
    at Object.call (/usr/share/code/resources/app/out/vs/code/electron-main/main.js:24:8273)
    at c.onPromise (/usr/share/code/resources/app/out/vs/code/electron-main/main.js:23:4866)
    at c.onRawMessage (/usr/share/code/resources/app/out/vs/code/electron-main/main.js:23:4261)
    at /usr/share/code/resources/app/out/vs/code/electron-main/main.js:23:3553
    at m.invoke (/usr/share/code/resources/app/out/vs/code/electron-main/main.js:19:145)
    at p.deliver (/usr/share/code/resources/app/out/vs/code/electron-main/main.js:19:2272)
    at g.fire (/usr/share/code/resources/app/out/vs/code/electron-main/main.js:19:1850)
    at /usr/share/code/resources/app/out/vs/code/electron-main/main.js:17:18598
    at m.invoke (/usr/share/code/resources/app/out/vs/code/electron-main/main.js:19:145)
    at p.deliver (/usr/share/code/resources/app/out/vs/code/electron-main/main.js:19:2272)
    at g.fire (/usr/share/code/resources/app/out/vs/code/electron-main/main.js:19:1850)
    at /usr/share/code/resources/app/out/vs/code/electron-main/main.js:17:18774
    at m.invoke (/usr/share/code/resources/app/out/vs/code/electron-main/main.js:19:145)
    at p.deliver (/usr/share/code/resources/app/out/vs/code/electron-main/main.js:19:2272)
    at g.fire (/usr/share/code/resources/app/out/vs/code/electron-main/main.js:19:1850)
    at N (/usr/share/code/resources/app/out/vs/code/electron-main/main.js:17:20668)
    at IpcMainImpl.f (/usr/share/code/resources/app/out/vs/code/electron-main/main.js:16:33377)
    at IpcMainImpl.emit (node:events:402:35)
    at EventEmitter.<anonymous> (node:electron/js2c/browser_init:169:10780)
    at EventEmitter.emit (node:events:390:28)
[2022-07-18 23:35:11.958] [main] [info] Starting extension host with pid 10664 (fork() took 6 ms).
[2022-07-18 23:35:11.960] [main] [info] Extension host with pid 10474 exited with code: 0, signal: null.
[2022-07-18 23:35:13.092] [main] [info] Extension host with pid 10664 exited with code: 0, signal: null.
[2022-07-18 23:35:37.360] [main] [info] update#setState checking for updates
[2022-07-18 23:35:37.419] [main] [info] update#setState idle
[2022-07-18 23:40:08.054] [main] [error] [storage state.vscdb] prepare(): Error: SQLITE_READONLY_DBMOVED: attempt to write a readonly database (INSERT INTO ItemTable VALUES (?,?)). Details: Keys: memento/workbench.parts.editor Length: 1436
[2022-07-18 23:40:08.578] [main] [error] [storage state.vscdb] prepare(): Error: SQLITE_READONLY_DBMOVED: attempt to write a readonly database (INSERT INTO ItemTable VALUES (?,?),(?,?)). Details: Keys: __$__targetStorageMarker, workbench.sidebar.activeviewletid Length: 880
[2022-07-18 23:40:09.275] [main] [error] [storage state.vscdb] prepare(): Error: SQLITE_READONLY_DBMOVED: attempt to write a readonly database (INSERT INTO ItemTable VALUES (?,?)). Details: Keys: __$__targetStorageMarker Length: 821
[2022-07-18 23:40:15.479] [main] [error] [storage state.vscdb] prepare(): Error: SQLITE_READONLY_DBMOVED: attempt to write a readonly database (INSERT INTO ItemTable VALUES (?,?),(?,?)). Details: Keys: __$__targetStorageMarker, terminal.integrated.layoutInfo Length: 1009
[2022-07-18 23:40:17.103] [main] [error] [storage state.vscdb] prepare(): Error: SQLITE_READONLY_DBMOVED: attempt to write a readonly database (INSERT INTO ItemTable VALUES (?,?),(?,?)). Details: Keys: __$__targetStorageMarker, ces/skipSurvey Length: 1733
[2022-07-18 23:40:19.127] [main] [error] [storage state.vscdb] prepare(): Error: SQLITE_READONLY_DBMOVED: attempt to write a readonly database (INSERT INTO ItemTable VALUES (?,?),(?,?)). Details: Keys: workbench.explorer.views.state, terminal Length: 363
[2022-07-18 23:40:23.122] [main] [error] [storage state.vscdb] prepare(): Error: SQLITE_READONLY_DBMOVED: attempt to write a readonly database (INSERT INTO ItemTable VALUES (?,?),(?,?),(?,?),(?,?),(?,?),(?,?),(?,?),(?,?)). Details: Keys: memento/workbench.parts.editor, history.entries, workbench.explorer.treeViewState, memento/workbench.editors.textDiffEditor, __$__targetStorageMarker, memento/workbench.view.search, workbench.view.search.numberOfVisibleViews, terminal.numberOfVisibleViews Length: 2386
[2022-07-18 23:40:25.617] [main] [error] [storage state.vscdb] prepare(): Error: SQLITE_READONLY_DBMOVED: attempt to write a readonly database (INSERT INTO ItemTable VALUES (?,?)). Details: Keys: terminal.integrated.environmentVariableCollections Length: 2
[2022-07-18 23:40:26.616] [main] [error] [storage state.vscdb] prepare(): Error: SQLITE_READONLY_DBMOVED: attempt to write a readonly database (INSERT INTO ItemTable VALUES (?,?)). Details: Keys: terminal.integrated.environmentVariableCollections Length: 513
[2022-07-18 23:40:29.468] [main] [error] [storage state.vscdb] prepare(): Error: SQLITE_READONLY_DBMOVED: attempt to write a readonly database (INSERT INTO ItemTable VALUES (?,?),(?,?)). Details: Keys: __$__targetStorageMarker, vscode.git Length: 1774
[2022-07-18 23:40:29.521] [main] [error] [storage state.vscdb] prepare(): Error: SQLITE_READONLY_DBMOVED: attempt to write a readonly database (INSERT INTO ItemTable VALUES (?,?)). Details: Keys: terminal.integrated.environmentVariableCollections Length: 2
[2022-07-18 23:40:30.521] [main] [error] [storage state.vscdb] prepare(): Error: SQLITE_READONLY_DBMOVED: attempt to write a readonly database (INSERT INTO ItemTable VALUES (?,?)). Details: Keys: terminal.integrated.environmentVariableCollections Length: 513
[2022-07-18 23:42:26.311] [main] [error] [storage state.vscdb] prepare(): Error: SQLITE_READONLY_DBMOVED: attempt to write a readonly database (INSERT INTO ItemTable VALUES (?,?),(?,?),(?,?)). Details: Keys: __$__targetStorageMarker, workbench.sidebar.activeviewletid, workbench.scm.views.state Length: 1157
[2022-07-18 23:42:48.665] [main] [error] [storage state.vscdb] prepare(): Error: SQLITE_READONLY_DBMOVED: attempt to write a readonly database (INSERT INTO ItemTable VALUES (?,?)). Details: Keys: workbench.editor.languageDetectionOpenedLanguages.global Length: 79
[2022-07-18 23:42:48.665] [main] [error] [storage state.vscdb] prepare(): Error: SQLITE_READONLY_DBMOVED: attempt to write a readonly database (INSERT INTO ItemTable VALUES (?,?)). Details: Keys: workbench.editor.languageDetectionOpenedLanguages.workspace Length: 42
[2022-07-18 23:43:08.106] [main] [error] [storage state.vscdb] prepare(): Error: SQLITE_READONLY_DBMOVED: attempt to write a readonly database (INSERT INTO ItemTable VALUES (?,?),(?,?),(?,?),(?,?)). Details: Keys: memento/workbench.parts.editor, editors.mru, history.entries, memento/workbench.editors.files.textFileEditor Length: 2530
[2022-07-18 23:51:08.160] [main] [error] [storage state.vscdb] prepare(): Error: SQLITE_READONLY_DBMOVED: attempt to write a readonly database (INSERT INTO ItemTable VALUES (?,?)). Details: Keys: memento/workbench.editors.files.textFileEditor Length: 922
[2022-07-18 23:51:41.206] [main] [error] [storage state.vscdb] prepare(): Error: SQLITE_READONLY_DBMOVED: attempt to write a readonly database (INSERT INTO ItemTable VALUES (?,?)). Details: Keys: terminal Length: 60
[2022-07-18 23:51:42.342] [main] [error] [storage state.vscdb] prepare(): Error: SQLITE_READONLY_DBMOVED: attempt to write a readonly database (INSERT INTO ItemTable VALUES (?,?)). Details: Keys: terminal Length: 60
[2022-07-18 23:51:44.641] [main] [error] [storage state.vscdb] prepare(): Error: SQLITE_READONLY_DBMOVED: attempt to write a readonly database (INSERT INTO ItemTable VALUES (?,?)). Details: Keys: memento/workbench.editors.files.textFileEditor Length: 926
[2022-07-18 23:57:42.196] [main] [error] [storage state.vscdb] prepare(): Error: SQLITE_READONLY_DBMOVED: attempt to write a readonly database (INSERT INTO ItemTable VALUES (?,?),(?,?)). Details: Keys: __$__targetStorageMarker, vscode.github-authentication Length: 2852
[2022-07-18 23:58:15.045] [main] [error] [storage state.vscdb] prepare(): Error: SQLITE_READONLY_DBMOVED: attempt to write a readonly database (INSERT INTO ItemTable VALUES (?,?),(?,?),(?,?),(?,?)). Details: Keys: __$__targetStorageMarker, github-mcking-07, GitHub-github, github-mcking-07-usages Length: 2016
[2022-07-18 23:59:32.213] [main] [error] [storage state.vscdb] prepare(): Error: SQLITE_READONLY_DBMOVED: attempt to write a readonly database (INSERT INTO ItemTable VALUES (?,?)). Details: Keys: github-mcking-07-usages Length: 83
[2022-07-19 00:01:52.678] [main] [info] Extension host with pid 10488 exited with code: 0, signal: null.
[2022-07-19 00:01:52.698] [main] [error] [storage state.vscdb] backup(): Error: ENOENT: no such file or directory, stat '/home/mcking/.config/Code/User/workspaceStorage/49a0edd1c6fb2fb46d1e1d120ed8ee3f/state.vscdb'
[2022-07-19 00:01:52.699] [main] [error] [storage state.vscdb] prepare(): Error: SQLITE_READONLY_DBMOVED: attempt to write a readonly database (INSERT INTO ItemTable VALUES (?,?)). Details: Keys: editorFontInfo Length: 921
[2022-07-19 00:01:52.699] [main] [error] [storage state.vscdb] prepare(): Error: SQLITE_READONLY_DBMOVED: attempt to write a readonly database (INSERT INTO ItemTable VALUES (?,?),(?,?),(?,?),(?,?),(?,?),(?,?),(?,?),(?,?),(?,?),(?,?),(?,?),(?,?),(?,?),(?,?),(?,?),(?,?),(?,?)). Details: Keys: __$__targetStorageMarker, terminal.integrated.bufferState, lifecyle.lastShutdownReason, workbench.editor.centered, workbench.zenMode.active, workbench.zenMode.exitInfo, workbench.panel.wasLastMaximized, workbench.sideBar.position, workbench.panel.position, workbench.activityBar.hidden, workbench.sideBar.hidden, workbench.editor.hidden, workbench.panel.hidden, workbench.auxiliaryBar.hidden, workbench.statusBar.hidden, codelens/cache2, scm.viewState Length: 14486
[2022-07-19 00:01:52.701] [main] [error] Error: ENOENT: no such file or directory, unlink '/home/mcking/.config/Code/User/globalStorage/state.vscdb'
