[2022-07-18 23:35:08.096] [renderer1] [warning] Ignoring the error while validating workspace folder file:///home/mcking/Downloads/Fedora-Titus - Error: ENOENT: no such file or directory, stat '/home/mcking/Downloads/Fedora-Titus'
[2022-07-18 23:35:09.214] [renderer1] [error] [File Watcher (parcel)] Unexpected error: Bad file descriptor (EUNKNOWN) (path: /home/mcking/Downloads/Fedora-Titus)
[2022-07-18 23:35:09.214] [renderer1] [error] [File Watcher (universal)] restarting watcher after error: Bad file descriptor
[2022-07-18 23:35:09.377] [renderer1] [error] [File Watcher (parcel)] Unexpected error: Bad file descriptor (EUNKNOWN) (path: /home/mcking/Downloads/Fedora-Titus)
[2022-07-18 23:35:09.377] [renderer1] [error] [File Watcher (universal)] restarting watcher after error: Bad file descriptor
[2022-07-18 23:35:09.533] [renderer1] [error] [File Watcher (parcel)] Unexpected error: Bad file descriptor (EUNKNOWN) (path: /home/mcking/Downloads/Fedora-Titus)
[2022-07-18 23:35:09.535] [renderer1] [error] [File Watcher (universal)] restarting watcher after error: Bad file descriptor
[2022-07-18 23:35:09.640] [renderer1] [error] [File Watcher (parcel)] Unexpected error: Bad file descriptor (EUNKNOWN) (path: /home/mcking/Downloads/Fedora-Titus)
[2022-07-18 23:35:09.642] [renderer1] [error] [File Watcher (universal)] restarting watcher after error: Bad file descriptor
[2022-07-18 23:35:09.762] [renderer1] [error] [File Watcher (parcel)] Unexpected error: Bad file descriptor (EUNKNOWN) (path: /home/mcking/Downloads/Fedora-Titus)
[2022-07-18 23:35:09.764] [renderer1] [error] [File Watcher (universal)] restarting watcher after error: Bad file descriptor
[2022-07-18 23:35:09.872] [renderer1] [error] [File Watcher (parcel)] Unexpected error: Bad file descriptor (EUNKNOWN) (path: /home/mcking/Downloads/Fedora-Titus)
[2022-07-18 23:35:09.873] [renderer1] [error] [File Watcher (universal)] gave up attempting to restart watcher after error: Bad file descriptor
[2022-07-18 23:35:10.184] [renderer1] [error] ENOENT: no such file or directory, scandir '/home/mcking/Downloads/Fedora-Titus': Error: ENOENT: no such file or directory, scandir '/home/mcking/Downloads/Fedora-Titus'
[2022-07-18 23:35:11.826] [renderer1] [error] [uncaught exception in main]: Settings Profiles are disabled. Enable them via the 'workbench.experimental.settingsProfiles.enabled' setting.: Error: Settings Profiles are disabled. Enable them via the 'workbench.experimental.settingsProfiles.enabled' setting.
    at bt.unsetWorkspace (/usr/share/code/resources/app/out/vs/code/electron-main/main.js:69:70200)
    at o.deleteUntitledWorkspaceSync (/usr/share/code/resources/app/out/vs/code/electron-main/main.js:76:26367)
    at o.deleteUntitledWorkspace (/usr/share/code/resources/app/out/vs/code/electron-main/main.js:76:26467)
    at D.deleteUntitledWorkspace (/usr/share/code/resources/app/out/vs/code/electron-main/main.js:77:55486)
    at Object.call (/usr/share/code/resources/app/out/vs/code/electron-main/main.js:24:8273)
    at c.onPromise (/usr/share/code/resources/app/out/vs/code/electron-main/main.js:23:4866)
    at c.onRawMessage (/usr/share/code/resources/app/out/vs/code/electron-main/main.js:23:4261)
    at /usr/share/code/resources/app/out/vs/code/electron-main/main.js:23:3553
    at m.invoke (/usr/share/code/resources/app/out/vs/code/electron-main/main.js:19:145)
    at p.deliver (/usr/share/code/resources/app/out/vs/code/electron-main/main.js:19:2272)
    at g.fire (/usr/share/code/resources/app/out/vs/code/electron-main/main.js:19:1850)
    at /usr/share/code/resources/app/out/vs/code/electron-main/main.js:17:18598
    at m.invoke (/usr/share/code/resources/app/out/vs/code/electron-main/main.js:19:145)
    at p.deliver (/usr/share/code/resources/app/out/vs/code/electron-main/main.js:19:2272)
    at g.fire (/usr/share/code/resources/app/out/vs/code/electron-main/main.js:19:1850)
    at /usr/share/code/resources/app/out/vs/code/electron-main/main.js:17:18774
    at m.invoke (/usr/share/code/resources/app/out/vs/code/electron-main/main.js:19:145)
    at p.deliver (/usr/share/code/resources/app/out/vs/code/electron-main/main.js:19:2272)
    at g.fire (/usr/share/code/resources/app/out/vs/code/electron-main/main.js:19:1850)
    at N (/usr/share/code/resources/app/out/vs/code/electron-main/main.js:17:20668)
    at IpcMainImpl.f (/usr/share/code/resources/app/out/vs/code/electron-main/main.js:16:33377)
    at IpcMainImpl.emit (node:events:402:35)
    at EventEmitter.<anonymous> (node:electron/js2c/browser_init:169:10780)
    at EventEmitter.emit (node:events:390:28)
[2022-07-18 23:35:13.031] [renderer1] [warning] [backup tracker] suspended, ignoring dirty change event untitled:/home/mcking/Downloads/la 
[2022-07-18 23:35:13.045] [renderer1] [warning] [backup tracker] suspended, ignoring unregister event untitled:/home/mcking/Downloads/la 
