[2022-07-18 23:35:08.753] [exthost] [info] Extension host with pid 10488 started
[2022-07-18 23:35:08.753] [exthost] [info] Skipping acquiring lock for /home/mcking/.config/Code/User/workspaceStorage/b674ab7b5296ae10509a6f7839155797.
[2022-07-18 23:35:08.849] [exthost] [info] ExtensionService#_doActivateExtension vscode.microsoft-authentication, startup: false, activationEvent: 'onAuthenticationRequest:microsoft'
[2022-07-18 23:35:08.888] [exthost] [info] ExtensionService#_doActivateExtension vscode.debug-auto-launch, startup: true, activationEvent: '*'
[2022-07-18 23:35:08.891] [exthost] [info] ExtensionService#_doActivateExtension vscode.git-base, startup: true, activationEvent: '*', root cause: vscode.git
[2022-07-18 23:35:08.894] [exthost] [info] ExtensionService#_doActivateExtension vscode.ipynb, startup: true, activationEvent: '*'
[2022-07-18 23:35:08.945] [exthost] [info] ExtensionService#_doActivateExtension vscode.git, startup: true, activationEvent: '*'
[2022-07-18 23:35:08.978] [exthost] [info] ExtensionService#_doActivateExtension vscode.github, startup: true, activationEvent: '*'
[2022-07-18 23:35:09.055] [exthost] [info] Eager extensions activated
[2022-07-18 23:35:09.056] [exthost] [info] ExtensionService#_doActivateExtension vscode.github-authentication, startup: false, activationEvent: 'onAuthenticationRequest:github'
[2022-07-18 23:35:09.094] [exthost] [info] ExtensionService#_doActivateExtension vscode.emmet, startup: false, activationEvent: 'onStartupFinished'
[2022-07-18 23:35:09.101] [exthost] [info] ExtensionService#_doActivateExtension vscode.merge-conflict, startup: false, activationEvent: 'onStartupFinished'
[2022-07-18 23:40:04.951] [exthost] [warning] [Decorations] CAPPING events from decorations provider vscode.git 3489
[2022-07-18 23:40:10.033] [exthost] [warning] [Decorations] CAPPING events from decorations provider vscode.git 3489
[2022-07-18 23:40:17.923] [exthost] [warning] [Decorations] CAPPING events from decorations provider vscode.git 3489
[2022-07-18 23:40:25.292] [exthost] [info] ExtensionService#_doActivateExtension vscode.configuration-editing, startup: false, activationEvent: 'onLanguage:jsonc'
[2022-07-18 23:40:25.297] [exthost] [info] ExtensionService#_doActivateExtension vscode.json-language-features, startup: false, activationEvent: 'onLanguage:jsonc'
[2022-07-18 23:40:25.361] [exthost] [info] ExtensionService#_doActivateExtension vscode.typescript-language-features, startup: false, activationEvent: 'onLanguage:jsonc'
[2022-07-18 23:40:26.198] [exthost] [warning] [Decorations] CAPPING events from decorations provider vscode.git 3489
[2022-07-18 23:40:28.385] [exthost] [warning] [Decorations] CAPPING events from decorations provider vscode.git 3489
[2022-07-18 23:40:30.003] [exthost] [warning] [Decorations] CAPPING events from decorations provider vscode.git 3489
[2022-07-18 23:40:33.467] [exthost] [warning] [Decorations] CAPPING events from decorations provider vscode.git 3489
[2022-07-18 23:40:44.571] [exthost] [warning] [Decorations] CAPPING events from decorations provider vscode.git 3489
[2022-07-18 23:40:49.655] [exthost] [warning] [Decorations] CAPPING events from decorations provider vscode.git 3489
[2022-07-18 23:40:54.730] [exthost] [warning] [Decorations] CAPPING events from decorations provider vscode.git 3489
[2022-07-18 23:41:49.927] [exthost] [warning] [Decorations] CAPPING events from decorations provider vscode.git 3489
[2022-07-18 23:41:55.001] [exthost] [warning] [Decorations] CAPPING events from decorations provider vscode.git 3489
[2022-07-18 23:42:17.911] [exthost] [warning] [Decorations] CAPPING events from decorations provider vscode.git 3489
[2022-07-18 23:42:22.972] [exthost] [warning] [Decorations] CAPPING events from decorations provider vscode.git 3489
[2022-07-18 23:42:43.849] [exthost] [warning] [Decorations] CAPPING events from decorations provider vscode.git 3489
[2022-07-18 23:58:15.442] [exthost] [warning] [Decorations] CAPPING events from decorations provider vscode.git 3489
[2022-07-18 23:59:32.542] [exthost] [warning] [Decorations] CAPPING events from decorations provider vscode.git 3489
[2022-07-19 00:01:52.659] [exthost] [info] Extension host terminating: received terminate message from renderer
[2022-07-19 00:01:52.668] [exthost] [error] Error: read ECONNRESET
	at Pipe.onStreamRead (node:internal/stream_base_commons:220:20)
[2022-07-19 00:01:52.669] [exthost] [info] Extension host with pid 10488 exiting with code 0
