[2022-07-18T18:05:08.992Z] Log level: Info
[2022-07-18T18:05:08.993Z] [info] Validating found git in: git
[2022-07-18T18:05:09.033Z] [info] Using git 2.34.1 from git
[2022-07-18T18:05:09.081Z] > git rev-parse --show-toplevel [28ms]
[2022-07-18T18:05:09.111Z] > git rev-parse --git-dir --git-common-dir [20ms]
[2022-07-18T18:05:09.114Z] [info] Open repository: /home/mcking/Downloads/launcelot-scripts
[2022-07-18T18:05:09.140Z] > git status -z -uall [19ms]
[2022-07-18T18:05:09.156Z] > git symbolic-ref --short HEAD [4ms]
[2022-07-18T18:05:09.164Z] > git for-each-ref --format=%(refname)%00%(upstream:short)%00%(objectname)%00%(upstream:track)%00%(upstream:remotename)%00%(upstream:remoteref) refs/heads/main refs/remotes/main [2ms]
[2022-07-18T18:05:09.179Z] > git remote --verbose [3ms]
[2022-07-18T18:05:09.180Z] > git for-each-ref --sort -committerdate --format %(refname) %(objectname) %(*objectname) [10ms]
[2022-07-18T18:05:09.217Z] > git config --get commit.template [2ms]
[2022-07-18T18:05:09.230Z] > git status -z -uall [2ms]
[2022-07-18T18:05:09.237Z] > git symbolic-ref --short HEAD [2ms]
[2022-07-18T18:05:09.242Z] > git for-each-ref --format=%(refname)%00%(upstream:short)%00%(objectname)%00%(upstream:track)%00%(upstream:remotename)%00%(upstream:remoteref) refs/heads/main refs/remotes/main [1ms]
[2022-07-18T18:05:09.250Z] > git for-each-ref --sort -committerdate --format %(refname) %(objectname) %(*objectname) [4ms]
[2022-07-18T18:05:09.251Z] > git remote --verbose [2ms]
[2022-07-18T18:05:09.257Z] > git config --get commit.template [1ms]
[2022-07-18T18:05:09.659Z] > git check-ignore -v -z --stdin [1ms]
[2022-07-18T18:05:51.116Z] > git check-ignore -v -z --stdin [2ms]
[2022-07-18T18:05:55.448Z] > git status -z -uall [2ms]
[2022-07-18T18:05:55.454Z] > git symbolic-ref --short HEAD [1ms]
[2022-07-18T18:05:55.458Z] > git for-each-ref --format=%(refname)%00%(upstream:short)%00%(objectname)%00%(upstream:track)%00%(upstream:remotename)%00%(upstream:remoteref) refs/heads/main refs/remotes/main [1ms]
[2022-07-18T18:05:55.465Z] > git for-each-ref --sort -committerdate --format %(refname) %(objectname) %(*objectname) [3ms]
[2022-07-18T18:05:55.466Z] > git remote --verbose [2ms]
[2022-07-18T18:05:55.471Z] > git config --get commit.template [1ms]
[2022-07-18T18:05:58.241Z] > git check-ignore -v -z --stdin [3ms]
[2022-07-18T18:06:17.918Z] > git status -z -uall [1ms]
[2022-07-18T18:06:17.922Z] > git symbolic-ref --short HEAD [1ms]
[2022-07-18T18:06:17.926Z] > git for-each-ref --format=%(refname)%00%(upstream:short)%00%(objectname)%00%(upstream:track)%00%(upstream:remotename)%00%(upstream:remoteref) refs/heads/main refs/remotes/main [1ms]
[2022-07-18T18:06:17.931Z] > git for-each-ref --sort -committerdate --format %(refname) %(objectname) %(*objectname) [3ms]
[2022-07-18T18:06:17.931Z] > git remote --verbose [0ms]
[2022-07-18T18:06:17.936Z] > git config --get commit.template [1ms]
[2022-07-18T18:06:34.316Z] > git show --textconv :install.sh [3ms]
[2022-07-18T18:06:34.317Z] > git ls-files --stage -- /home/mcking/Downloads/launcelot-scripts/install.sh [1ms]
[2022-07-18T18:07:26.117Z] > git check-ignore -v -z --stdin [1ms]
[2022-07-18T18:07:26.675Z] > git status -z -uall [1ms]
[2022-07-18T18:07:26.679Z] > git symbolic-ref --short HEAD [1ms]
[2022-07-18T18:07:26.683Z] > git for-each-ref --format=%(refname)%00%(upstream:short)%00%(objectname)%00%(upstream:track)%00%(upstream:remotename)%00%(upstream:remoteref) refs/heads/main refs/remotes/main [1ms]
[2022-07-18T18:07:26.693Z] > git for-each-ref --sort -committerdate --format %(refname) %(objectname) %(*objectname) [4ms]
[2022-07-18T18:07:26.693Z] > git remote --verbose [1ms]
[2022-07-18T18:07:26.699Z] > git config --get commit.template [1ms]
[2022-07-18T18:07:45.782Z] > git check-ignore -v -z --stdin [2ms]
[2022-07-18T18:07:51.175Z] > git show --textconv HEAD:deb-packages/google-chrome.deb [6ms]
[2022-07-18T18:07:51.183Z] > git ls-tree -l HEAD -- /home/mcking/Downloads/launcelot-scripts/deb-packages/google-chrome.deb [8ms]
[2022-07-18T18:07:51.211Z] > git ls-tree -l HEAD -- /home/mcking/Downloads/launcelot-scripts/deb-packages/google-chrome.deb [1ms]
[2022-07-18T18:07:52.170Z] > git show --textconv HEAD:deb-packages/mailspring.deb [4ms]
[2022-07-18T18:07:52.171Z] > git ls-tree -l HEAD -- /home/mcking/Downloads/launcelot-scripts/deb-packages/mailspring.deb [1ms]
[2022-07-18T18:07:52.193Z] > git ls-tree -l HEAD -- /home/mcking/Downloads/launcelot-scripts/deb-packages/mailspring.deb [0ms]
[2022-07-18T18:07:54.436Z] > git show --textconv HEAD:install.sh [4ms]
[2022-07-18T18:07:54.437Z] > git ls-tree -l HEAD -- /home/mcking/Downloads/launcelot-scripts/install.sh [2ms]
[2022-07-18T18:08:03.562Z] > git ls-tree -l HEAD -- /home/mcking/Downloads/launcelot-scripts/install.sh [1ms]
[2022-07-18T18:08:06.298Z] > git ls-tree -l HEAD -- /home/mcking/Downloads/launcelot-scripts/install.sh [1ms]
[2022-07-18T18:08:08.775Z] > git ls-tree -l HEAD -- /home/mcking/Downloads/launcelot-scripts/install.sh [1ms]
[2022-07-18T18:10:04.868Z] > git ls-tree -l HEAD -- /home/mcking/Downloads/launcelot-scripts/install.sh [5ms]
[2022-07-18T18:10:04.893Z] > git status -z -uall [25ms]
[2022-07-18T18:10:04.898Z] > git symbolic-ref --short HEAD [1ms]
[2022-07-18T18:10:04.901Z] > git for-each-ref --format=%(refname)%00%(upstream:short)%00%(objectname)%00%(upstream:track)%00%(upstream:remotename)%00%(upstream:remoteref) refs/heads/main refs/remotes/main [1ms]
[2022-07-18T18:10:04.908Z] > git remote --verbose [1ms]
[2022-07-18T18:10:04.908Z] > git for-each-ref --sort -committerdate --format %(refname) %(objectname) %(*objectname) [5ms]
[2022-07-18T18:10:04.964Z] > git config --get commit.template [2ms]
[2022-07-18T18:10:09.992Z] > git status -z -uall [20ms]
[2022-07-18T18:10:09.997Z] > git symbolic-ref --short HEAD [1ms]
[2022-07-18T18:10:10.001Z] > git for-each-ref --format=%(refname)%00%(upstream:short)%00%(objectname)%00%(upstream:track)%00%(upstream:remotename)%00%(upstream:remoteref) refs/heads/main refs/remotes/main [1ms]
[2022-07-18T18:10:10.007Z] > git for-each-ref --sort -committerdate --format %(refname) %(objectname) %(*objectname) [3ms]
[2022-07-18T18:10:10.008Z] > git remote --verbose [1ms]
[2022-07-18T18:10:10.045Z] > git config --get commit.template [2ms]
[2022-07-18T18:10:11.344Z] > git show --textconv :install.sh [7ms]
[2022-07-18T18:10:11.346Z] > git ls-files --stage -- /home/mcking/Downloads/launcelot-scripts/install.sh [3ms]
[2022-07-18T18:10:17.878Z] > git status -z -uall [11ms]
[2022-07-18T18:10:17.885Z] > git symbolic-ref --short HEAD [1ms]
[2022-07-18T18:10:17.889Z] > git for-each-ref --format=%(refname)%00%(upstream:short)%00%(objectname)%00%(upstream:track)%00%(upstream:remotename)%00%(upstream:remoteref) refs/heads/main refs/remotes/main [0ms]
[2022-07-18T18:10:17.896Z] > git for-each-ref --sort -committerdate --format %(refname) %(objectname) %(*objectname) [4ms]
[2022-07-18T18:10:17.896Z] > git remote --verbose [1ms]
[2022-07-18T18:10:17.935Z] > git config --get commit.template [1ms]
[2022-07-18T18:10:25.423Z] > git log --oneline --cherry main...main@{upstream} -- [9ms]
[2022-07-18T18:10:26.123Z] > git pull --tags origin main [695ms]
[2022-07-18T18:10:26.123Z] From https://github.com/mcking-07/launcelot-scripts
 * branch            main       -> FETCH_HEAD
[2022-07-18T18:10:26.152Z] > git status -z -uall [20ms]
[2022-07-18T18:10:26.157Z] > git symbolic-ref --short HEAD [1ms]
[2022-07-18T18:10:26.162Z] > git for-each-ref --format=%(refname)%00%(upstream:short)%00%(objectname)%00%(upstream:track)%00%(upstream:remotename)%00%(upstream:remoteref) refs/heads/main refs/remotes/main [1ms]
[2022-07-18T18:10:26.170Z] > git for-each-ref --sort -committerdate --format %(refname) %(objectname) %(*objectname) [4ms]
[2022-07-18T18:10:26.170Z] > git remote --verbose [1ms]
[2022-07-18T18:10:26.209Z] > git config --get commit.template [2ms]
[2022-07-18T18:10:27.327Z] > git ls-files --stage -- /home/mcking/Downloads/launcelot-scripts/install.sh [2ms]
[2022-07-18T18:10:27.335Z] > git show --textconv :install.sh [1ms]
[2022-07-18T18:10:28.341Z] > git status -z -uall [16ms]
[2022-07-18T18:10:28.346Z] > git symbolic-ref --short HEAD [0ms]
[2022-07-18T18:10:28.351Z] > git for-each-ref --format=%(refname)%00%(upstream:short)%00%(objectname)%00%(upstream:track)%00%(upstream:remotename)%00%(upstream:remoteref) refs/heads/main refs/remotes/main [1ms]
[2022-07-18T18:10:28.360Z] > git for-each-ref --sort -committerdate --format %(refname) %(objectname) %(*objectname) [5ms]
[2022-07-18T18:10:28.360Z] > git remote --verbose [1ms]
[2022-07-18T18:10:28.397Z] > git config --get commit.template [2ms]
[2022-07-18T18:10:29.931Z] > git fetch [613ms]
[2022-07-18T18:10:29.957Z] > git status -z -uall [17ms]
[2022-07-18T18:10:29.962Z] > git symbolic-ref --short HEAD [1ms]
[2022-07-18T18:10:29.968Z] > git for-each-ref --format=%(refname)%00%(upstream:short)%00%(objectname)%00%(upstream:track)%00%(upstream:remotename)%00%(upstream:remoteref) refs/heads/main refs/remotes/main [1ms]
[2022-07-18T18:10:29.979Z] > git for-each-ref --sort -committerdate --format %(refname) %(objectname) %(*objectname) [7ms]
[2022-07-18T18:10:29.979Z] > git remote --verbose [1ms]
[2022-07-18T18:10:30.014Z] > git config --get commit.template [1ms]
[2022-07-18T18:10:31.094Z] > git ls-files --stage -- /home/mcking/Downloads/launcelot-scripts/install.sh [2ms]
[2022-07-18T18:10:31.108Z] > git show --textconv :install.sh [1ms]
[2022-07-18T18:10:33.424Z] > git status -z -uall [18ms]
[2022-07-18T18:10:33.429Z] > git symbolic-ref --short HEAD [1ms]
[2022-07-18T18:10:33.433Z] > git for-each-ref --format=%(refname)%00%(upstream:short)%00%(objectname)%00%(upstream:track)%00%(upstream:remotename)%00%(upstream:remoteref) refs/heads/main refs/remotes/main [0ms]
[2022-07-18T18:10:33.442Z] > git for-each-ref --sort -committerdate --format %(refname) %(objectname) %(*objectname) [5ms]
[2022-07-18T18:10:33.442Z] > git remote --verbose [1ms]
[2022-07-18T18:10:33.481Z] > git config --get commit.template [2ms]
[2022-07-18T18:10:44.526Z] > git status -z -uall [13ms]
[2022-07-18T18:10:44.530Z] > git symbolic-ref --short HEAD [0ms]
[2022-07-18T18:10:44.533Z] > git for-each-ref --format=%(refname)%00%(upstream:short)%00%(objectname)%00%(upstream:track)%00%(upstream:remotename)%00%(upstream:remoteref) refs/heads/main refs/remotes/main [0ms]
[2022-07-18T18:10:44.539Z] > git for-each-ref --sort -committerdate --format %(refname) %(objectname) %(*objectname) [3ms]
[2022-07-18T18:10:44.539Z] > git remote --verbose [0ms]
[2022-07-18T18:10:44.582Z] > git config --get commit.template [2ms]
[2022-07-18T18:10:48.774Z] > git ls-files --stage -- /home/mcking/Downloads/launcelot-scripts/install.sh [1ms]
[2022-07-18T18:10:48.788Z] > git show --textconv :install.sh [2ms]
[2022-07-18T18:10:49.610Z] > git status -z -uall [19ms]
[2022-07-18T18:10:49.615Z] > git symbolic-ref --short HEAD [1ms]
[2022-07-18T18:10:49.620Z] > git for-each-ref --format=%(refname)%00%(upstream:short)%00%(objectname)%00%(upstream:track)%00%(upstream:remotename)%00%(upstream:remoteref) refs/heads/main refs/remotes/main [1ms]
[2022-07-18T18:10:49.631Z] > git remote --verbose [4ms]
[2022-07-18T18:10:49.631Z] > git for-each-ref --sort -committerdate --format %(refname) %(objectname) %(*objectname) [7ms]
[2022-07-18T18:10:49.668Z] > git config --get commit.template [1ms]
[2022-07-18T18:10:54.691Z] > git status -z -uall [12ms]
[2022-07-18T18:10:54.695Z] > git symbolic-ref --short HEAD [1ms]
[2022-07-18T18:10:54.699Z] > git for-each-ref --format=%(refname)%00%(upstream:short)%00%(objectname)%00%(upstream:track)%00%(upstream:remotename)%00%(upstream:remoteref) refs/heads/main refs/remotes/main [1ms]
[2022-07-18T18:10:54.707Z] > git for-each-ref --sort -committerdate --format %(refname) %(objectname) %(*objectname) [4ms]
[2022-07-18T18:10:54.707Z] > git remote --verbose [1ms]
[2022-07-18T18:10:54.740Z] > git config --get commit.template [3ms]
[2022-07-18T18:11:49.877Z] > git status -z -uall [10ms]
[2022-07-18T18:11:49.882Z] > git symbolic-ref --short HEAD [1ms]
[2022-07-18T18:11:49.887Z] > git for-each-ref --format=%(refname)%00%(upstream:short)%00%(objectname)%00%(upstream:track)%00%(upstream:remotename)%00%(upstream:remoteref) refs/heads/main refs/remotes/main [1ms]
[2022-07-18T18:11:49.897Z] > git for-each-ref --sort -committerdate --format %(refname) %(objectname) %(*objectname) [6ms]
[2022-07-18T18:11:49.897Z] > git remote --verbose [1ms]
[2022-07-18T18:11:49.938Z] > git config --get commit.template [2ms]
[2022-07-18T18:11:49.967Z] > git ls-files --stage -- /home/mcking/Downloads/launcelot-scripts/install.sh [1ms]
[2022-07-18T18:11:49.976Z] > git show --textconv :install.sh [1ms]
[2022-07-18T18:11:54.958Z] > git status -z -uall [9ms]
[2022-07-18T18:11:54.964Z] > git symbolic-ref --short HEAD [1ms]
[2022-07-18T18:11:54.969Z] > git for-each-ref --format=%(refname)%00%(upstream:short)%00%(objectname)%00%(upstream:track)%00%(upstream:remotename)%00%(upstream:remoteref) refs/heads/main refs/remotes/main [1ms]
[2022-07-18T18:11:54.977Z] > git for-each-ref --sort -committerdate --format %(refname) %(objectname) %(*objectname) [4ms]
[2022-07-18T18:11:54.978Z] > git remote --verbose [1ms]
[2022-07-18T18:11:55.012Z] > git config --get commit.template [2ms]
[2022-07-18T18:12:17.866Z] > git status -z -uall [13ms]
[2022-07-18T18:12:17.870Z] > git symbolic-ref --short HEAD [1ms]
[2022-07-18T18:12:17.874Z] > git for-each-ref --format=%(refname)%00%(upstream:short)%00%(objectname)%00%(upstream:track)%00%(upstream:remotename)%00%(upstream:remoteref) refs/heads/main refs/remotes/main [1ms]
[2022-07-18T18:12:17.882Z] > git for-each-ref --sort -committerdate --format %(refname) %(objectname) %(*objectname) [5ms]
[2022-07-18T18:12:17.882Z] > git remote --verbose [1ms]
[2022-07-18T18:12:17.918Z] > git config --get commit.template [1ms]
[2022-07-18T18:12:22.933Z] > git status -z -uall [10ms]
[2022-07-18T18:12:22.937Z] > git symbolic-ref --short HEAD [0ms]
[2022-07-18T18:12:22.942Z] > git for-each-ref --format=%(refname)%00%(upstream:short)%00%(objectname)%00%(upstream:track)%00%(upstream:remotename)%00%(upstream:remoteref) refs/heads/main refs/remotes/main [0ms]
[2022-07-18T18:12:22.950Z] > git for-each-ref --sort -committerdate --format %(refname) %(objectname) %(*objectname) [4ms]
[2022-07-18T18:12:22.950Z] > git remote --verbose [1ms]
[2022-07-18T18:12:22.992Z] > git config --get commit.template [3ms]
[2022-07-18T18:12:26.635Z] > git check-ignore -v -z --stdin [1ms]
[2022-07-18T18:12:43.799Z] > git status -z -uall [31ms]
[2022-07-18T18:12:43.803Z] > git symbolic-ref --short HEAD [0ms]
[2022-07-18T18:12:43.808Z] > git for-each-ref --format=%(refname)%00%(upstream:short)%00%(objectname)%00%(upstream:track)%00%(upstream:remotename)%00%(upstream:remoteref) refs/heads/main refs/remotes/main [1ms]
[2022-07-18T18:12:43.821Z] > git for-each-ref --sort -committerdate --format %(refname) %(objectname) %(*objectname) [5ms]
[2022-07-18T18:12:43.821Z] > git remote --verbose [1ms]
[2022-07-18T18:12:43.859Z] > git config --get commit.template [0ms]
[2022-07-18T18:12:44.413Z] > git ls-files --stage -- /home/mcking/Downloads/launcelot-scripts/install.sh [6ms]
[2022-07-18T18:12:44.423Z] > git cat-file -s c148f6da515a776d3e84bfaa0e75554a9cb29977 [1ms]
[2022-07-18T18:12:44.654Z] > git show --textconv :install.sh [2ms]
[2022-07-18T18:12:48.686Z] > git show --textconv :.git/COMMIT_EDITMSG [9ms]
[2022-07-18T18:12:48.687Z] > git ls-files --stage -- /home/mcking/Downloads/launcelot-scripts/.git/COMMIT_EDITMSG [1ms]
[2022-07-18T18:12:49.031Z] > git check-ignore -v -z --stdin [4ms]
[2022-07-18T18:12:49.450Z] > git ls-files --stage -- /home/mcking/Downloads/launcelot-scripts/.git/COMMIT_EDITMSG [2ms]
[2022-07-18T18:12:49.459Z] > git show --textconv :.git/COMMIT_EDITMSG [1ms]
[2022-07-18T18:18:27.470Z] > git check-ignore -v -z --stdin [11ms]
[2022-07-18T18:20:01.767Z] > git check-ignore -v -z --stdin [3ms]
[2022-07-18T18:20:03.328Z] > git check-ignore -v -z --stdin [6ms]
[2022-07-18T18:20:04.505Z] > git check-ignore -v -z --stdin [4ms]
[2022-07-18T18:20:05.174Z] > git check-ignore -v -z --stdin [4ms]
[2022-07-18T18:28:15.319Z] > git push origin main:main [38483ms]
[2022-07-18T18:28:15.319Z] Everything up-to-date
[2022-07-18T18:28:15.392Z] > git status -z -uall [65ms]
[2022-07-18T18:28:15.399Z] > git symbolic-ref --short HEAD [1ms]
[2022-07-18T18:28:15.402Z] > git for-each-ref --format=%(refname)%00%(upstream:short)%00%(objectname)%00%(upstream:track)%00%(upstream:remotename)%00%(upstream:remoteref) refs/heads/main refs/remotes/main [0ms]
[2022-07-18T18:28:15.410Z] > git for-each-ref --sort -committerdate --format %(refname) %(objectname) %(*objectname) [5ms]
[2022-07-18T18:28:15.411Z] > git remote --verbose [3ms]
[2022-07-18T18:28:15.450Z] > git config --get commit.template [0ms]
[2022-07-18T18:29:32.417Z] > git push origin main:main [942ms]
[2022-07-18T18:29:32.417Z] Everything up-to-date
[2022-07-18T18:29:32.493Z] > git status -z -uall [68ms]
[2022-07-18T18:29:32.499Z] > git symbolic-ref --short HEAD [1ms]
[2022-07-18T18:29:32.504Z] > git for-each-ref --format=%(refname)%00%(upstream:short)%00%(objectname)%00%(upstream:track)%00%(upstream:remotename)%00%(upstream:remoteref) refs/heads/main refs/remotes/main [1ms]
[2022-07-18T18:29:32.511Z] > git for-each-ref --sort -committerdate --format %(refname) %(objectname) %(*objectname) [4ms]
[2022-07-18T18:29:32.511Z] > git remote --verbose [1ms]
[2022-07-18T18:29:32.551Z] > git config --get commit.template [1ms]
