[Info  - 18:35:09.106] Reading sessions from keychain...
[Info  - 18:35:09.153] Getting sessions for user:email...
[Info  - 18:35:09.154] Getting sessions for all scopes...
[Info  - 18:35:09.154] Got 0 sessions for user:email...
[Info  - 18:35:09.154] Got 0 sessions for ...
[Info  - 18:57:37.415] Getting sessions for read:user,repo,user:email,workflow...
[Info  - 18:57:37.415] Got 0 sessions for read:user,repo,user:email,workflow...
[Info  - 18:57:41.890] Logging in for the following scopes: read:user repo user:email workflow
[Info  - 18:57:41.900] Trying without local server... (read:user repo user:email workflow)
[Trace  - 18:58:10.713] Handling Uri...
[Info  - 18:58:10.714] Exchanging code for token...
[Info  - 18:58:14.282] Token exchange success!
[Info  - 18:58:14.283] Getting user info...
[Info  - 18:58:14.794] Got account info!
[Info  - 18:58:14.795] Storing 1 sessions...
[Info  - 18:58:14.840] Reading sessions from keychain...
[Info  - 18:58:14.840] Stored 1 sessions!
[Info  - 18:58:14.840] Login success!
[Info  - 18:58:14.845] Getting sessions for user:email...
[Trace  - 18:58:14.845] Token acquired from secret storage.
[Info  - 18:58:14.845] Got stored sessions!
[Trace  - 18:58:14.845] Read the following session from the keychain with the following scopes: read:user repo user:email workflow
[Info  - 18:58:14.846] Got 1 verified sessions.
[Info  - 18:58:14.846] Got 0 sessions for user:email...
[Info  - 18:59:32.4] Getting sessions for read:user,repo,user:email,workflow...
[Info  - 18:59:32.4] Got 1 sessions for read:user,repo,user:email,workflow...
