[07/18/22, 16:25:47:464] info: 
╔══════════════════════════════════════════════════════════╗
║      Slack 4.27.156, linux 5.15.0-41-generic on x64      ║
╚══════════════════════════════════════════════════════════╝ 
[07/18/22, 16:25:47:464] info: Configured logger via 
{
  "enableConsoleTransport": true,
  "identifierOverride": "webapp-auth-console",
  "shouldUseNewBackend": false,
  "loggerInstanceCount": 4
}
[07/18/22, 16:25:47:465] info: Predefined values for process 
{
  "NODE_ENV": "production",
  "platform": "linux",
  "type": "browser",
  "timeZone": "Asia/Calcutta",
  "PACKAGE_MANIFEST.productName": "Slack",
  "PACKAGE_MANIFEST.version": "4.27.156",
  "PACKAGE_MANIFEST.commit": "a17b156",
  "PACKAGE_MANIFEST.branch": "HEAD"
}
